<?xml version="1.0" encoding="UTF-8"?>
<testsuite xmlns:xsi="http://www.w3.org/2001/XMLSchema-instance" xsi:noNamespaceSchemaLocation="https://maven.apache.org/surefire/maven-surefire-plugin/xsd/surefire-test-report.xsd" name="Financeiro.ContasAReceber.ContasReceber" time="81.017" tests="13" errors="13" skipped="0" failures="0">
  <properties>
[...]
</properties>
  <testcase name="T010_CadastroContasReceber" classname="Financeiro.ContasAReceber.ContasReceber" time="10.253">
    <error message="element not interactable&#10;  (Session info: chrome=105.0.5195.125)&#10;Build info: version: &apos;4.1.1&apos;, revision: &apos;e8fcc2cecf&apos;&#10;System info: host: &apos;DESKTOP-Q4CVPEU&apos;, ip: &apos;169.254.193.202&apos;, os.name: &apos;Windows 10&apos;, os.arch: &apos;amd64&apos;, os.version: &apos;10.0&apos;, java.version: &apos;1.8.0_321&apos;&#10;Driver info: org.openqa.selenium.chrome.ChromeDriver&#10;Command: [53c2dfce6d8b26b7d2a6c3af4e0b172f, clickElement {id=f1f75210-6fc5-4555-8da1-0e8076c02677}]&#10;Capabilities {acceptInsecureCerts: false, browserName: chrome, browserVersion: 105.0.5195.125, chrome: {chromedriverVersion: 105.0.5195.19 (b9c217c128c1..., userDataDir: C:\Windows\TEMP\scoped_dir8...}, goog:chromeOptions: {debuggerAddress: localhost:58851}, javascriptEnabled: true, networkConnectionEnabled: false, pageLoadStrategy: normal, platform: WINDOWS, platformName: WINDOWS, proxy: Proxy(), se:cdp: ws://localhost:58851/devtoo..., se:cdpVersion: 105.0.5195.125, setWindowRect: true, strictFileInteractability: false, timeouts: {implicit: 0, pageLoad: 300000, script: 30000}, unhandledPromptBehavior: dismiss and notify, webauthn:extension:credBlob: true, webauthn:extension:largeBlob: true, webauthn:virtualAuthenticators: true}&#10;Element: [[ChromeDriver: chrome on WINDOWS (53c2dfce6d8b26b7d2a6c3af4e0b172f)] -&gt; id: modFinanceiro]&#10;Session ID: 53c2dfce6d8b26b7d2a6c3af4e0b172f" type="org.openqa.selenium.ElementNotInteractableException">org.openqa.selenium.ElementNotInteractableException: 
element not interactable
  (Session info: chrome=105.0.5195.125)
Build info: version: '4.1.1', revision: 'e8fcc2cecf'
System info: host: 'DESKTOP-Q4CVPEU', ip: '169.254.193.202', os.name: 'Windows 10', os.arch: 'amd64', os.version: '10.0', java.version: '1.8.0_321'
Driver info: org.openqa.selenium.chrome.ChromeDriver
Command: [53c2dfce6d8b26b7d2a6c3af4e0b172f, clickElement {id=f1f75210-6fc5-4555-8da1-0e8076c02677}]
Capabilities {acceptInsecureCerts: false, browserName: chrome, browserVersion: 105.0.5195.125, chrome: {chromedriverVersion: 105.0.5195.19 (b9c217c128c1..., userDataDir: C:\Windows\TEMP\scoped_dir8...}, goog:chromeOptions: {debuggerAddress: localhost:58851}, javascriptEnabled: true, networkConnectionEnabled: false, pageLoadStrategy: normal, platform: WINDOWS, platformName: WINDOWS, proxy: Proxy(), se:cdp: ws://localhost:58851/devtoo..., se:cdpVersion: 105.0.5195.125, setWindowRect: true, strictFileInteractability: false, timeouts: {implicit: 0, pageLoad: 300000, script: 30000}, unhandledPromptBehavior: dismiss and notify, webauthn:extension:credBlob: true, webauthn:extension:largeBlob: true, webauthn:virtualAuthenticators: true}
Element: [[ChromeDriver: chrome on WINDOWS (53c2dfce6d8b26b7d2a6c3af4e0b172f)] -> id: modFinanceiro]
Session ID: 53c2dfce6d8b26b7d2a6c3af4e0b172f
	at Financeiro.ContasAReceber.ContasReceber.InicializaContasReceber(ContasReceber.java:56)
</error>
    <system-err><![CDATA[Starting ChromeDriver 105.0.5195.19 (b9c217c128c16f53d12f9a02933fcfdec1bf49af-refs/branch-heads/5195@{#176}) on port 49320Only local connections are allowed.Please see https://chromedriver.chromium.org/security-considerations for suggestions on keeping ChromeDriver safe.ChromeDriver was started successfully.set 14, 2022 9:44:31 PM org.openqa.selenium.remote.ProtocolHandshake createSession
INFORMAÇÕES: Detected dialect: W3C
set 14, 2022 9:44:31 PM org.openqa.selenium.devtools.CdpVersionFinder findNearestMatch
ADVERTÊNCIA: Unable to find an exact match for CDP version 105, so returning the closest version found: a no-op implementation
set 14, 2022 9:44:31 PM org.openqa.selenium.devtools.CdpVersionFinder findNearestMatch
INFORMAÇÕES: Unable to find CDP implementation matching 105.
set 14, 2022 9:44:31 PM org.openqa.selenium.chromium.ChromiumDriver lambda$new$3
ADVERTÊNCIA: Unable to find version of CDP to use for . You may need to include a dependency on a specific version of the CDP using something similar to `org.seleniumhq.selenium:selenium-devtools-v86:4.1.1` where the version ("v86") matches the version of the chromium-based browser you're using and the version number of the artifact is the same as Selenium's.
]]></system-err>
  </testcase>
  <testcase name="T020_AlteracaoContasReceber" classname="Financeiro.ContasAReceber.ContasReceber" time="12.662">
    <error message="element not interactable&#10;  (Session info: chrome=105.0.5195.125)&#10;Build info: version: &apos;4.1.1&apos;, revision: &apos;e8fcc2cecf&apos;&#10;System info: host: &apos;DESKTOP-Q4CVPEU&apos;, ip: &apos;169.254.193.202&apos;, os.name: &apos;Windows 10&apos;, os.arch: &apos;amd64&apos;, os.version: &apos;10.0&apos;, java.version: &apos;1.8.0_321&apos;&#10;Driver info: org.openqa.selenium.chrome.ChromeDriver&#10;Command: [bf2de2a295fafc9585c9417e5f5f40ce, clickElement {id=ad2fe25a-bc4f-4635-9711-5cb7abe08401}]&#10;Capabilities {acceptInsecureCerts: false, browserName: chrome, browserVersion: 105.0.5195.125, chrome: {chromedriverVersion: 105.0.5195.19 (b9c217c128c1..., userDataDir: C:\Windows\TEMP\scoped_dir2...}, goog:chromeOptions: {debuggerAddress: localhost:58871}, javascriptEnabled: true, networkConnectionEnabled: false, pageLoadStrategy: normal, platform: WINDOWS, platformName: WINDOWS, proxy: Proxy(), se:cdp: ws://localhost:58871/devtoo..., se:cdpVersion: 105.0.5195.125, setWindowRect: true, strictFileInteractability: false, timeouts: {implicit: 0, pageLoad: 300000, script: 30000}, unhandledPromptBehavior: dismiss and notify, webauthn:extension:credBlob: true, webauthn:extension:largeBlob: true, webauthn:virtualAuthenticators: true}&#10;Element: [[ChromeDriver: chrome on WINDOWS (bf2de2a295fafc9585c9417e5f5f40ce)] -&gt; id: modFinanceiro]&#10;Session ID: bf2de2a295fafc9585c9417e5f5f40ce" type="org.openqa.selenium.ElementNotInteractableException">org.openqa.selenium.ElementNotInteractableException: 
element not interactable
  (Session info: chrome=105.0.5195.125)
Build info: version: '4.1.1', revision: 'e8fcc2cecf'
System info: host: 'DESKTOP-Q4CVPEU', ip: '169.254.193.202', os.name: 'Windows 10', os.arch: 'amd64', os.version: '10.0', java.version: '1.8.0_321'
Driver info: org.openqa.selenium.chrome.ChromeDriver
Command: [bf2de2a295fafc9585c9417e5f5f40ce, clickElement {id=ad2fe25a-bc4f-4635-9711-5cb7abe08401}]
Capabilities {acceptInsecureCerts: false, browserName: chrome, browserVersion: 105.0.5195.125, chrome: {chromedriverVersion: 105.0.5195.19 (b9c217c128c1..., userDataDir: C:\Windows\TEMP\scoped_dir2...}, goog:chromeOptions: {debuggerAddress: localhost:58871}, javascriptEnabled: true, networkConnectionEnabled: false, pageLoadStrategy: normal, platform: WINDOWS, platformName: WINDOWS, proxy: Proxy(), se:cdp: ws://localhost:58871/devtoo..., se:cdpVersion: 105.0.5195.125, setWindowRect: true, strictFileInteractability: false, timeouts: {implicit: 0, pageLoad: 300000, script: 30000}, unhandledPromptBehavior: dismiss and notify, webauthn:extension:credBlob: true, webauthn:extension:largeBlob: true, webauthn:virtualAuthenticators: true}
Element: [[ChromeDriver: chrome on WINDOWS (bf2de2a295fafc9585c9417e5f5f40ce)] -> id: modFinanceiro]
Session ID: bf2de2a295fafc9585c9417e5f5f40ce
	at Financeiro.ContasAReceber.ContasReceber.InicializaContasReceber(ContasReceber.java:56)
</error>
    <system-err><![CDATA[Starting ChromeDriver 105.0.5195.19 (b9c217c128c16f53d12f9a02933fcfdec1bf49af-refs/branch-heads/5195@{#176}) on port 58464Only local connections are allowed.Please see https://chromedriver.chromium.org/security-considerations for suggestions on keeping ChromeDriver safe.ChromeDriver was started successfully.set 14, 2022 9:44:33 PM org.openqa.selenium.remote.ProtocolHandshake createSession
INFORMAÇÕES: Detected dialect: W3C
set 14, 2022 9:44:33 PM org.openqa.selenium.devtools.CdpVersionFinder findNearestMatch
ADVERTÊNCIA: Unable to find an exact match for CDP version 105, so returning the closest version found: a no-op implementation
set 14, 2022 9:44:33 PM org.openqa.selenium.devtools.CdpVersionFinder findNearestMatch
INFORMAÇÕES: Unable to find CDP implementation matching 105.
set 14, 2022 9:44:33 PM org.openqa.selenium.chromium.ChromiumDriver lambda$new$3
ADVERTÊNCIA: Unable to find version of CDP to use for . You may need to include a dependency on a specific version of the CDP using something similar to `org.seleniumhq.selenium:selenium-devtools-v86:4.1.1` where the version ("v86") matches the version of the chromium-based browser you're using and the version number of the artifact is the same as Selenium's.
]]></system-err>
  </testcase>
  <testcase name="T030_AlterarSituacaoComplemento" classname="Financeiro.ContasAReceber.ContasReceber" time="13.007">
    <error message="element not interactable&#10;  (Session info: chrome=105.0.5195.125)&#10;Build info: version: &apos;4.1.1&apos;, revision: &apos;e8fcc2cecf&apos;&#10;System info: host: &apos;DESKTOP-Q4CVPEU&apos;, ip: &apos;169.254.193.202&apos;, os.name: &apos;Windows 10&apos;, os.arch: &apos;amd64&apos;, os.version: &apos;10.0&apos;, java.version: &apos;1.8.0_321&apos;&#10;Driver info: org.openqa.selenium.chrome.ChromeDriver&#10;Command: [6b7351de1069242c4715a53892ffa3f7, clickElement {id=86e31576-eefc-4c94-9bd9-bfdd4c06824e}]&#10;Capabilities {acceptInsecureCerts: false, browserName: chrome, browserVersion: 105.0.5195.125, chrome: {chromedriverVersion: 105.0.5195.19 (b9c217c128c1..., userDataDir: C:\Windows\TEMP\scoped_dir1...}, goog:chromeOptions: {debuggerAddress: localhost:58909}, javascriptEnabled: true, networkConnectionEnabled: false, pageLoadStrategy: normal, platform: WINDOWS, platformName: WINDOWS, proxy: Proxy(), se:cdp: ws://localhost:58909/devtoo..., se:cdpVersion: 105.0.5195.125, setWindowRect: true, strictFileInteractability: false, timeouts: {implicit: 0, pageLoad: 300000, script: 30000}, unhandledPromptBehavior: dismiss and notify, webauthn:extension:credBlob: true, webauthn:extension:largeBlob: true, webauthn:virtualAuthenticators: true}&#10;Element: [[ChromeDriver: chrome on WINDOWS (6b7351de1069242c4715a53892ffa3f7)] -&gt; id: modFinanceiro]&#10;Session ID: 6b7351de1069242c4715a53892ffa3f7" type="org.openqa.selenium.ElementNotInteractableException">org.openqa.selenium.ElementNotInteractableException: 
element not interactable
  (Session info: chrome=105.0.5195.125)
Build info: version: '4.1.1', revision: 'e8fcc2cecf'
System info: host: 'DESKTOP-Q4CVPEU', ip: '169.254.193.202', os.name: 'Windows 10', os.arch: 'amd64', os.version: '10.0', java.version: '1.8.0_321'
Driver info: org.openqa.selenium.chrome.ChromeDriver
Command: [6b7351de1069242c4715a53892ffa3f7, clickElement {id=86e31576-eefc-4c94-9bd9-bfdd4c06824e}]
Capabilities {acceptInsecureCerts: false, browserName: chrome, browserVersion: 105.0.5195.125, chrome: {chromedriverVersion: 105.0.5195.19 (b9c217c128c1..., userDataDir: C:\Windows\TEMP\scoped_dir1...}, goog:chromeOptions: {debuggerAddress: localhost:58909}, javascriptEnabled: true, networkConnectionEnabled: false, pageLoadStrategy: normal, platform: WINDOWS, platformName: WINDOWS, proxy: Proxy(), se:cdp: ws://localhost:58909/devtoo..., se:cdpVersion: 105.0.5195.125, setWindowRect: true, strictFileInteractability: false, timeouts: {implicit: 0, pageLoad: 300000, script: 30000}, unhandledPromptBehavior: dismiss and notify, webauthn:extension:credBlob: true, webauthn:extension:largeBlob: true, webauthn:virtualAuthenticators: true}
Element: [[ChromeDriver: chrome on WINDOWS (6b7351de1069242c4715a53892ffa3f7)] -> id: modFinanceiro]
Session ID: 6b7351de1069242c4715a53892ffa3f7
	at Financeiro.ContasAReceber.ContasReceber.InicializaContasReceber(ContasReceber.java:56)
</error>
    <system-err><![CDATA[Starting ChromeDriver 105.0.5195.19 (b9c217c128c16f53d12f9a02933fcfdec1bf49af-refs/branch-heads/5195@{#176}) on port 52987Only local connections are allowed.Please see https://chromedriver.chromium.org/security-considerations for suggestions on keeping ChromeDriver safe.ChromeDriver was started successfully.set 14, 2022 9:44:42 PM org.openqa.selenium.remote.ProtocolHandshake createSession
INFORMAÇÕES: Detected dialect: W3C
set 14, 2022 9:44:42 PM org.openqa.selenium.devtools.CdpVersionFinder findNearestMatch
ADVERTÊNCIA: Unable to find an exact match for CDP version 105, so returning the closest version found: a no-op implementation
set 14, 2022 9:44:42 PM org.openqa.selenium.devtools.CdpVersionFinder findNearestMatch
INFORMAÇÕES: Unable to find CDP implementation matching 105.
set 14, 2022 9:44:42 PM org.openqa.selenium.chromium.ChromiumDriver lambda$new$3
ADVERTÊNCIA: Unable to find version of CDP to use for . You may need to include a dependency on a specific version of the CDP using something similar to `org.seleniumhq.selenium:selenium-devtools-v86:4.1.1` where the version ("v86") matches the version of the chromium-based browser you're using and the version number of the artifact is the same as Selenium's.
]]></system-err>
  </testcase>
  <testcase name="T040_EmissaoDeBoleto" classname="Financeiro.ContasAReceber.ContasReceber" time="12.632">
    <error message="element not interactable&#10;  (Session info: chrome=105.0.5195.125)&#10;Build info: version: &apos;4.1.1&apos;, revision: &apos;e8fcc2cecf&apos;&#10;System info: host: &apos;DESKTOP-Q4CVPEU&apos;, ip: &apos;169.254.193.202&apos;, os.name: &apos;Windows 10&apos;, os.arch: &apos;amd64&apos;, os.version: &apos;10.0&apos;, java.version: &apos;1.8.0_321&apos;&#10;Driver info: org.openqa.selenium.chrome.ChromeDriver&#10;Command: [badbaab67b5bf02fa54839531b6d0364, clickElement {id=602e1362-e580-44ba-a138-6151275a3a51}]&#10;Capabilities {acceptInsecureCerts: false, browserName: chrome, browserVersion: 105.0.5195.125, chrome: {chromedriverVersion: 105.0.5195.19 (b9c217c128c1..., userDataDir: C:\Windows\TEMP\scoped_dir4...}, goog:chromeOptions: {debuggerAddress: localhost:58931}, javascriptEnabled: true, networkConnectionEnabled: false, pageLoadStrategy: normal, platform: WINDOWS, platformName: WINDOWS, proxy: Proxy(), se:cdp: ws://localhost:58931/devtoo..., se:cdpVersion: 105.0.5195.125, setWindowRect: true, strictFileInteractability: false, timeouts: {implicit: 0, pageLoad: 300000, script: 30000}, unhandledPromptBehavior: dismiss and notify, webauthn:extension:credBlob: true, webauthn:extension:largeBlob: true, webauthn:virtualAuthenticators: true}&#10;Element: [[ChromeDriver: chrome on WINDOWS (badbaab67b5bf02fa54839531b6d0364)] -&gt; id: modFinanceiro]&#10;Session ID: badbaab67b5bf02fa54839531b6d0364" type="org.openqa.selenium.ElementNotInteractableException">org.openqa.selenium.ElementNotInteractableException: 
element not interactable
  (Session info: chrome=105.0.5195.125)
Build info: version: '4.1.1', revision: 'e8fcc2cecf'
System info: host: 'DESKTOP-Q4CVPEU', ip: '169.254.193.202', os.name: 'Windows 10', os.arch: 'amd64', os.version: '10.0', java.version: '1.8.0_321'
Driver info: org.openqa.selenium.chrome.ChromeDriver
Command: [badbaab67b5bf02fa54839531b6d0364, clickElement {id=602e1362-e580-44ba-a138-6151275a3a51}]
Capabilities {acceptInsecureCerts: false, browserName: chrome, browserVersion: 105.0.5195.125, chrome: {chromedriverVersion: 105.0.5195.19 (b9c217c128c1..., userDataDir: C:\Windows\TEMP\scoped_dir4...}, goog:chromeOptions: {debuggerAddress: localhost:58931}, javascriptEnabled: true, networkConnectionEnabled: false, pageLoadStrategy: normal, platform: WINDOWS, platformName: WINDOWS, proxy: Proxy(), se:cdp: ws://localhost:58931/devtoo..., se:cdpVersion: 105.0.5195.125, setWindowRect: true, strictFileInteractability: false, timeouts: {implicit: 0, pageLoad: 300000, script: 30000}, unhandledPromptBehavior: dismiss and notify, webauthn:extension:credBlob: true, webauthn:extension:largeBlob: true, webauthn:virtualAuthenticators: true}
Element: [[ChromeDriver: chrome on WINDOWS (badbaab67b5bf02fa54839531b6d0364)] -> id: modFinanceiro]
Session ID: badbaab67b5bf02fa54839531b6d0364
	at Financeiro.ContasAReceber.ContasReceber.InicializaContasReceber(ContasReceber.java:56)
</error>
    <system-err><![CDATA[Starting ChromeDriver 105.0.5195.19 (b9c217c128c16f53d12f9a02933fcfdec1bf49af-refs/branch-heads/5195@{#176}) on port 64509Only local connections are allowed.Please see https://chromedriver.chromium.org/security-considerations for suggestions on keeping ChromeDriver safe.ChromeDriver was started successfully.set 14, 2022 9:44:44 PM org.openqa.selenium.remote.ProtocolHandshake createSession
INFORMAÇÕES: Detected dialect: W3C
set 14, 2022 9:44:44 PM org.openqa.selenium.devtools.CdpVersionFinder findNearestMatch
ADVERTÊNCIA: Unable to find an exact match for CDP version 105, so returning the closest version found: a no-op implementation
set 14, 2022 9:44:44 PM org.openqa.selenium.devtools.CdpVersionFinder findNearestMatch
INFORMAÇÕES: Unable to find CDP implementation matching 105.
set 14, 2022 9:44:44 PM org.openqa.selenium.chromium.ChromiumDriver lambda$new$3
ADVERTÊNCIA: Unable to find version of CDP to use for . You may need to include a dependency on a specific version of the CDP using something similar to `org.seleniumhq.selenium:selenium-devtools-v86:4.1.1` where the version ("v86") matches the version of the chromium-based browser you're using and the version number of the artifact is the same as Selenium's.
]]></system-err>
  </testcase>
  <testcase name="T050_Recebimentos" classname="Financeiro.ContasAReceber.ContasReceber" time="11.298">
    <error message="element not interactable&#10;  (Session info: chrome=105.0.5195.125)&#10;Build info: version: &apos;4.1.1&apos;, revision: &apos;e8fcc2cecf&apos;&#10;System info: host: &apos;DESKTOP-Q4CVPEU&apos;, ip: &apos;169.254.193.202&apos;, os.name: &apos;Windows 10&apos;, os.arch: &apos;amd64&apos;, os.version: &apos;10.0&apos;, java.version: &apos;1.8.0_321&apos;&#10;Driver info: org.openqa.selenium.chrome.ChromeDriver&#10;Command: [e347102beee90faa26485068fecc4eeb, clickElement {id=f2033775-5980-4137-ae37-cdcd4169afc6}]&#10;Capabilities {acceptInsecureCerts: false, browserName: chrome, browserVersion: 105.0.5195.125, chrome: {chromedriverVersion: 105.0.5195.19 (b9c217c128c1..., userDataDir: C:\Windows\TEMP\scoped_dir7...}, goog:chromeOptions: {debuggerAddress: localhost:58972}, javascriptEnabled: true, networkConnectionEnabled: false, pageLoadStrategy: normal, platform: WINDOWS, platformName: WINDOWS, proxy: Proxy(), se:cdp: ws://localhost:58972/devtoo..., se:cdpVersion: 105.0.5195.125, setWindowRect: true, strictFileInteractability: false, timeouts: {implicit: 0, pageLoad: 300000, script: 30000}, unhandledPromptBehavior: dismiss and notify, webauthn:extension:credBlob: true, webauthn:extension:largeBlob: true, webauthn:virtualAuthenticators: true}&#10;Element: [[ChromeDriver: chrome on WINDOWS (e347102beee90faa26485068fecc4eeb)] -&gt; id: modFinanceiro]&#10;Session ID: e347102beee90faa26485068fecc4eeb" type="org.openqa.selenium.ElementNotInteractableException">org.openqa.selenium.ElementNotInteractableException: 
element not interactable
  (Session info: chrome=105.0.5195.125)
Build info: version: '4.1.1', revision: 'e8fcc2cecf'
System info: host: 'DESKTOP-Q4CVPEU', ip: '169.254.193.202', os.name: 'Windows 10', os.arch: 'amd64', os.version: '10.0', java.version: '1.8.0_321'
Driver info: org.openqa.selenium.chrome.ChromeDriver
Command: [e347102beee90faa26485068fecc4eeb, clickElement {id=f2033775-5980-4137-ae37-cdcd4169afc6}]
Capabilities {acceptInsecureCerts: false, browserName: chrome, browserVersion: 105.0.5195.125, chrome: {chromedriverVersion: 105.0.5195.19 (b9c217c128c1..., userDataDir: C:\Windows\TEMP\scoped_dir7...}, goog:chromeOptions: {debuggerAddress: localhost:58972}, javascriptEnabled: true, networkConnectionEnabled: false, pageLoadStrategy: normal, platform: WINDOWS, platformName: WINDOWS, proxy: Proxy(), se:cdp: ws://localhost:58972/devtoo..., se:cdpVersion: 105.0.5195.125, setWindowRect: true, strictFileInteractability: false, timeouts: {implicit: 0, pageLoad: 300000, script: 30000}, unhandledPromptBehavior: dismiss and notify, webauthn:extension:credBlob: true, webauthn:extension:largeBlob: true, webauthn:virtualAuthenticators: true}
Element: [[ChromeDriver: chrome on WINDOWS (e347102beee90faa26485068fecc4eeb)] -> id: modFinanceiro]
Session ID: e347102beee90faa26485068fecc4eeb
	at Financeiro.ContasAReceber.ContasReceber.InicializaContasReceber(ContasReceber.java:56)
</error>
    <system-err><![CDATA[Starting ChromeDriver 105.0.5195.19 (b9c217c128c16f53d12f9a02933fcfdec1bf49af-refs/branch-heads/5195@{#176}) on port 52134Only local connections are allowed.Please see https://chromedriver.chromium.org/security-considerations for suggestions on keeping ChromeDriver safe.ChromeDriver was started successfully.set 14, 2022 9:44:54 PM org.openqa.selenium.remote.ProtocolHandshake createSession
INFORMAÇÕES: Detected dialect: W3C
set 14, 2022 9:44:54 PM org.openqa.selenium.devtools.CdpVersionFinder findNearestMatch
ADVERTÊNCIA: Unable to find an exact match for CDP version 105, so returning the closest version found: a no-op implementation
set 14, 2022 9:44:54 PM org.openqa.selenium.devtools.CdpVersionFinder findNearestMatch
INFORMAÇÕES: Unable to find CDP implementation matching 105.
set 14, 2022 9:44:54 PM org.openqa.selenium.chromium.ChromiumDriver lambda$new$3
ADVERTÊNCIA: Unable to find version of CDP to use for . You may need to include a dependency on a specific version of the CDP using something similar to `org.seleniumhq.selenium:selenium-devtools-v86:4.1.1` where the version ("v86") matches the version of the chromium-based browser you're using and the version number of the artifact is the same as Selenium's.
]]></system-err>
  </testcase>
  <testcase name="T060_EstornoRecebimento" classname="Financeiro.ContasAReceber.ContasReceber" time="10.854">
    <error message="element not interactable&#10;  (Session info: chrome=105.0.5195.125)&#10;Build info: version: &apos;4.1.1&apos;, revision: &apos;e8fcc2cecf&apos;&#10;System info: host: &apos;DESKTOP-Q4CVPEU&apos;, ip: &apos;169.254.193.202&apos;, os.name: &apos;Windows 10&apos;, os.arch: &apos;amd64&apos;, os.version: &apos;10.0&apos;, java.version: &apos;1.8.0_321&apos;&#10;Driver info: org.openqa.selenium.chrome.ChromeDriver&#10;Command: [45a68a8eea397ddeff0f6ef0b810a609, clickElement {id=b471a97d-1391-484a-a525-555d320a5ecf}]&#10;Capabilities {acceptInsecureCerts: false, browserName: chrome, browserVersion: 105.0.5195.125, chrome: {chromedriverVersion: 105.0.5195.19 (b9c217c128c1..., userDataDir: C:\Windows\TEMP\scoped_dir7...}, goog:chromeOptions: {debuggerAddress: localhost:58994}, javascriptEnabled: true, networkConnectionEnabled: false, pageLoadStrategy: normal, platform: WINDOWS, platformName: WINDOWS, proxy: Proxy(), se:cdp: ws://localhost:58994/devtoo..., se:cdpVersion: 105.0.5195.125, setWindowRect: true, strictFileInteractability: false, timeouts: {implicit: 0, pageLoad: 300000, script: 30000}, unhandledPromptBehavior: dismiss and notify, webauthn:extension:credBlob: true, webauthn:extension:largeBlob: true, webauthn:virtualAuthenticators: true}&#10;Element: [[ChromeDriver: chrome on WINDOWS (45a68a8eea397ddeff0f6ef0b810a609)] -&gt; id: modFinanceiro]&#10;Session ID: 45a68a8eea397ddeff0f6ef0b810a609" type="org.openqa.selenium.ElementNotInteractableException">org.openqa.selenium.ElementNotInteractableException: 
element not interactable
  (Session info: chrome=105.0.5195.125)
Build info: version: '4.1.1', revision: 'e8fcc2cecf'
System info: host: 'DESKTOP-Q4CVPEU', ip: '169.254.193.202', os.name: 'Windows 10', os.arch: 'amd64', os.version: '10.0', java.version: '1.8.0_321'
Driver info: org.openqa.selenium.chrome.ChromeDriver
Command: [45a68a8eea397ddeff0f6ef0b810a609, clickElement {id=b471a97d-1391-484a-a525-555d320a5ecf}]
Capabilities {acceptInsecureCerts: false, browserName: chrome, browserVersion: 105.0.5195.125, chrome: {chromedriverVersion: 105.0.5195.19 (b9c217c128c1..., userDataDir: C:\Windows\TEMP\scoped_dir7...}, goog:chromeOptions: {debuggerAddress: localhost:58994}, javascriptEnabled: true, networkConnectionEnabled: false, pageLoadStrategy: normal, platform: WINDOWS, platformName: WINDOWS, proxy: Proxy(), se:cdp: ws://localhost:58994/devtoo..., se:cdpVersion: 105.0.5195.125, setWindowRect: true, strictFileInteractability: false, timeouts: {implicit: 0, pageLoad: 300000, script: 30000}, unhandledPromptBehavior: dismiss and notify, webauthn:extension:credBlob: true, webauthn:extension:largeBlob: true, webauthn:virtualAuthenticators: true}
Element: [[ChromeDriver: chrome on WINDOWS (45a68a8eea397ddeff0f6ef0b810a609)] -> id: modFinanceiro]
Session ID: 45a68a8eea397ddeff0f6ef0b810a609
	at Financeiro.ContasAReceber.ContasReceber.InicializaContasReceber(ContasReceber.java:56)
</error>
    <system-err><![CDATA[Starting ChromeDriver 105.0.5195.19 (b9c217c128c16f53d12f9a02933fcfdec1bf49af-refs/branch-heads/5195@{#176}) on port 55410Only local connections are allowed.Please see https://chromedriver.chromium.org/security-considerations for suggestions on keeping ChromeDriver safe.ChromeDriver was started successfully.set 14, 2022 9:44:57 PM org.openqa.selenium.remote.ProtocolHandshake createSession
INFORMAÇÕES: Detected dialect: W3C
set 14, 2022 9:44:57 PM org.openqa.selenium.devtools.CdpVersionFinder findNearestMatch
ADVERTÊNCIA: Unable to find an exact match for CDP version 105, so returning the closest version found: a no-op implementation
set 14, 2022 9:44:57 PM org.openqa.selenium.devtools.CdpVersionFinder findNearestMatch
INFORMAÇÕES: Unable to find CDP implementation matching 105.
set 14, 2022 9:44:57 PM org.openqa.selenium.chromium.ChromiumDriver lambda$new$3
ADVERTÊNCIA: Unable to find version of CDP to use for . You may need to include a dependency on a specific version of the CDP using something similar to `org.seleniumhq.selenium:selenium-devtools-v86:4.1.1` where the version ("v86") matches the version of the chromium-based browser you're using and the version number of the artifact is the same as Selenium's.
]]></system-err>
  </testcase>
  <testcase name="T070_DocumentosGEDInclusao" classname="Financeiro.ContasAReceber.ContasReceber" time="10.818">
    <error message="element not interactable&#10;  (Session info: chrome=105.0.5195.125)&#10;Build info: version: &apos;4.1.1&apos;, revision: &apos;e8fcc2cecf&apos;&#10;System info: host: &apos;DESKTOP-Q4CVPEU&apos;, ip: &apos;169.254.193.202&apos;, os.name: &apos;Windows 10&apos;, os.arch: &apos;amd64&apos;, os.version: &apos;10.0&apos;, java.version: &apos;1.8.0_321&apos;&#10;Driver info: org.openqa.selenium.chrome.ChromeDriver&#10;Command: [0589f8fc756c36a1e76b2c5a95251884, clickElement {id=abc6fe9f-fcb1-4cea-8f73-2d07226883da}]&#10;Capabilities {acceptInsecureCerts: false, browserName: chrome, browserVersion: 105.0.5195.125, chrome: {chromedriverVersion: 105.0.5195.19 (b9c217c128c1..., userDataDir: C:\Windows\TEMP\scoped_dir6...}, goog:chromeOptions: {debuggerAddress: localhost:59033}, javascriptEnabled: true, networkConnectionEnabled: false, pageLoadStrategy: normal, platform: WINDOWS, platformName: WINDOWS, proxy: Proxy(), se:cdp: ws://localhost:59033/devtoo..., se:cdpVersion: 105.0.5195.125, setWindowRect: true, strictFileInteractability: false, timeouts: {implicit: 0, pageLoad: 300000, script: 30000}, unhandledPromptBehavior: dismiss and notify, webauthn:extension:credBlob: true, webauthn:extension:largeBlob: true, webauthn:virtualAuthenticators: true}&#10;Element: [[ChromeDriver: chrome on WINDOWS (0589f8fc756c36a1e76b2c5a95251884)] -&gt; id: modFinanceiro]&#10;Session ID: 0589f8fc756c36a1e76b2c5a95251884" type="org.openqa.selenium.ElementNotInteractableException">org.openqa.selenium.ElementNotInteractableException: 
element not interactable
  (Session info: chrome=105.0.5195.125)
Build info: version: '4.1.1', revision: 'e8fcc2cecf'
System info: host: 'DESKTOP-Q4CVPEU', ip: '169.254.193.202', os.name: 'Windows 10', os.arch: 'amd64', os.version: '10.0', java.version: '1.8.0_321'
Driver info: org.openqa.selenium.chrome.ChromeDriver
Command: [0589f8fc756c36a1e76b2c5a95251884, clickElement {id=abc6fe9f-fcb1-4cea-8f73-2d07226883da}]
Capabilities {acceptInsecureCerts: false, browserName: chrome, browserVersion: 105.0.5195.125, chrome: {chromedriverVersion: 105.0.5195.19 (b9c217c128c1..., userDataDir: C:\Windows\TEMP\scoped_dir6...}, goog:chromeOptions: {debuggerAddress: localhost:59033}, javascriptEnabled: true, networkConnectionEnabled: false, pageLoadStrategy: normal, platform: WINDOWS, platformName: WINDOWS, proxy: Proxy(), se:cdp: ws://localhost:59033/devtoo..., se:cdpVersion: 105.0.5195.125, setWindowRect: true, strictFileInteractability: false, timeouts: {implicit: 0, pageLoad: 300000, script: 30000}, unhandledPromptBehavior: dismiss and notify, webauthn:extension:credBlob: true, webauthn:extension:largeBlob: true, webauthn:virtualAuthenticators: true}
Element: [[ChromeDriver: chrome on WINDOWS (0589f8fc756c36a1e76b2c5a95251884)] -> id: modFinanceiro]
Session ID: 0589f8fc756c36a1e76b2c5a95251884
	at Financeiro.ContasAReceber.ContasReceber.InicializaContasReceber(ContasReceber.java:56)
</error>
    <system-err><![CDATA[Starting ChromeDriver 105.0.5195.19 (b9c217c128c16f53d12f9a02933fcfdec1bf49af-refs/branch-heads/5195@{#176}) on port 58400Only local connections are allowed.Please see https://chromedriver.chromium.org/security-considerations for suggestions on keeping ChromeDriver safe.ChromeDriver was started successfully.set 14, 2022 9:45:06 PM org.openqa.selenium.remote.ProtocolHandshake createSession
INFORMAÇÕES: Detected dialect: W3C
set 14, 2022 9:45:06 PM org.openqa.selenium.devtools.CdpVersionFinder findNearestMatch
ADVERTÊNCIA: Unable to find an exact match for CDP version 105, so returning the closest version found: a no-op implementation
set 14, 2022 9:45:06 PM org.openqa.selenium.devtools.CdpVersionFinder findNearestMatch
INFORMAÇÕES: Unable to find CDP implementation matching 105.
set 14, 2022 9:45:06 PM org.openqa.selenium.chromium.ChromiumDriver lambda$new$3
ADVERTÊNCIA: Unable to find version of CDP to use for . You may need to include a dependency on a specific version of the CDP using something similar to `org.seleniumhq.selenium:selenium-devtools-v86:4.1.1` where the version ("v86") matches the version of the chromium-based browser you're using and the version number of the artifact is the same as Selenium's.
]]></system-err>
  </testcase>
  <testcase name="T080_DocumentosGED_Alteracao" classname="Financeiro.ContasAReceber.ContasReceber" time="12.304">
    <error message="element not interactable&#10;  (Session info: chrome=105.0.5195.125)&#10;Build info: version: &apos;4.1.1&apos;, revision: &apos;e8fcc2cecf&apos;&#10;System info: host: &apos;DESKTOP-Q4CVPEU&apos;, ip: &apos;169.254.193.202&apos;, os.name: &apos;Windows 10&apos;, os.arch: &apos;amd64&apos;, os.version: &apos;10.0&apos;, java.version: &apos;1.8.0_321&apos;&#10;Driver info: org.openqa.selenium.chrome.ChromeDriver&#10;Command: [a91903b0fc33c68e7abcd8f067430591, clickElement {id=21952a51-3596-4f69-b31e-6879bbaa1126}]&#10;Capabilities {acceptInsecureCerts: false, browserName: chrome, browserVersion: 105.0.5195.125, chrome: {chromedriverVersion: 105.0.5195.19 (b9c217c128c1..., userDataDir: C:\Windows\TEMP\scoped_dir4...}, goog:chromeOptions: {debuggerAddress: localhost:59056}, javascriptEnabled: true, networkConnectionEnabled: false, pageLoadStrategy: normal, platform: WINDOWS, platformName: WINDOWS, proxy: Proxy(), se:cdp: ws://localhost:59056/devtoo..., se:cdpVersion: 105.0.5195.125, setWindowRect: true, strictFileInteractability: false, timeouts: {implicit: 0, pageLoad: 300000, script: 30000}, unhandledPromptBehavior: dismiss and notify, webauthn:extension:credBlob: true, webauthn:extension:largeBlob: true, webauthn:virtualAuthenticators: true}&#10;Element: [[ChromeDriver: chrome on WINDOWS (a91903b0fc33c68e7abcd8f067430591)] -&gt; id: modFinanceiro]&#10;Session ID: a91903b0fc33c68e7abcd8f067430591" type="org.openqa.selenium.ElementNotInteractableException">org.openqa.selenium.ElementNotInteractableException: 
element not interactable
  (Session info: chrome=105.0.5195.125)
Build info: version: '4.1.1', revision: 'e8fcc2cecf'
System info: host: 'DESKTOP-Q4CVPEU', ip: '169.254.193.202', os.name: 'Windows 10', os.arch: 'amd64', os.version: '10.0', java.version: '1.8.0_321'
Driver info: org.openqa.selenium.chrome.ChromeDriver
Command: [a91903b0fc33c68e7abcd8f067430591, clickElement {id=21952a51-3596-4f69-b31e-6879bbaa1126}]
Capabilities {acceptInsecureCerts: false, browserName: chrome, browserVersion: 105.0.5195.125, chrome: {chromedriverVersion: 105.0.5195.19 (b9c217c128c1..., userDataDir: C:\Windows\TEMP\scoped_dir4...}, goog:chromeOptions: {debuggerAddress: localhost:59056}, javascriptEnabled: true, networkConnectionEnabled: false, pageLoadStrategy: normal, platform: WINDOWS, platformName: WINDOWS, proxy: Proxy(), se:cdp: ws://localhost:59056/devtoo..., se:cdpVersion: 105.0.5195.125, setWindowRect: true, strictFileInteractability: false, timeouts: {implicit: 0, pageLoad: 300000, script: 30000}, unhandledPromptBehavior: dismiss and notify, webauthn:extension:credBlob: true, webauthn:extension:largeBlob: true, webauthn:virtualAuthenticators: true}
Element: [[ChromeDriver: chrome on WINDOWS (a91903b0fc33c68e7abcd8f067430591)] -> id: modFinanceiro]
Session ID: a91903b0fc33c68e7abcd8f067430591
	at Financeiro.ContasAReceber.ContasReceber.InicializaContasReceber(ContasReceber.java:56)
</error>
    <system-err><![CDATA[Starting ChromeDriver 105.0.5195.19 (b9c217c128c16f53d12f9a02933fcfdec1bf49af-refs/branch-heads/5195@{#176}) on port 62385Only local connections are allowed.Please see https://chromedriver.chromium.org/security-considerations for suggestions on keeping ChromeDriver safe.ChromeDriver was started successfully.set 14, 2022 9:45:07 PM org.openqa.selenium.remote.ProtocolHandshake createSession
INFORMAÇÕES: Detected dialect: W3C
set 14, 2022 9:45:07 PM org.openqa.selenium.devtools.CdpVersionFinder findNearestMatch
ADVERTÊNCIA: Unable to find an exact match for CDP version 105, so returning the closest version found: a no-op implementation
set 14, 2022 9:45:07 PM org.openqa.selenium.devtools.CdpVersionFinder findNearestMatch
INFORMAÇÕES: Unable to find CDP implementation matching 105.
set 14, 2022 9:45:07 PM org.openqa.selenium.chromium.ChromiumDriver lambda$new$3
ADVERTÊNCIA: Unable to find version of CDP to use for . You may need to include a dependency on a specific version of the CDP using something similar to `org.seleniumhq.selenium:selenium-devtools-v86:4.1.1` where the version ("v86") matches the version of the chromium-based browser you're using and the version number of the artifact is the same as Selenium's.
]]></system-err>
  </testcase>
  <testcase name="T090_DocumentosGED_Exclusao" classname="Financeiro.ContasAReceber.ContasReceber" time="13.628">
    <error message="element not interactable&#10;  (Session info: chrome=105.0.5195.125)&#10;Build info: version: &apos;4.1.1&apos;, revision: &apos;e8fcc2cecf&apos;&#10;System info: host: &apos;DESKTOP-Q4CVPEU&apos;, ip: &apos;169.254.193.202&apos;, os.name: &apos;Windows 10&apos;, os.arch: &apos;amd64&apos;, os.version: &apos;10.0&apos;, java.version: &apos;1.8.0_321&apos;&#10;Driver info: org.openqa.selenium.chrome.ChromeDriver&#10;Command: [ba4ef4215c2b7dc5696122a4368c6168, clickElement {id=49255a22-6104-482f-b54b-2302c5d4da4c}]&#10;Capabilities {acceptInsecureCerts: false, browserName: chrome, browserVersion: 105.0.5195.125, chrome: {chromedriverVersion: 105.0.5195.19 (b9c217c128c1..., userDataDir: C:\Windows\TEMP\scoped_dir1...}, goog:chromeOptions: {debuggerAddress: localhost:59096}, javascriptEnabled: true, networkConnectionEnabled: false, pageLoadStrategy: normal, platform: WINDOWS, platformName: WINDOWS, proxy: Proxy(), se:cdp: ws://localhost:59096/devtoo..., se:cdpVersion: 105.0.5195.125, setWindowRect: true, strictFileInteractability: false, timeouts: {implicit: 0, pageLoad: 300000, script: 30000}, unhandledPromptBehavior: dismiss and notify, webauthn:extension:credBlob: true, webauthn:extension:largeBlob: true, webauthn:virtualAuthenticators: true}&#10;Element: [[ChromeDriver: chrome on WINDOWS (ba4ef4215c2b7dc5696122a4368c6168)] -&gt; id: modFinanceiro]&#10;Session ID: ba4ef4215c2b7dc5696122a4368c6168" type="org.openqa.selenium.ElementNotInteractableException">org.openqa.selenium.ElementNotInteractableException: 
element not interactable
  (Session info: chrome=105.0.5195.125)
Build info: version: '4.1.1', revision: 'e8fcc2cecf'
System info: host: 'DESKTOP-Q4CVPEU', ip: '169.254.193.202', os.name: 'Windows 10', os.arch: 'amd64', os.version: '10.0', java.version: '1.8.0_321'
Driver info: org.openqa.selenium.chrome.ChromeDriver
Command: [ba4ef4215c2b7dc5696122a4368c6168, clickElement {id=49255a22-6104-482f-b54b-2302c5d4da4c}]
Capabilities {acceptInsecureCerts: false, browserName: chrome, browserVersion: 105.0.5195.125, chrome: {chromedriverVersion: 105.0.5195.19 (b9c217c128c1..., userDataDir: C:\Windows\TEMP\scoped_dir1...}, goog:chromeOptions: {debuggerAddress: localhost:59096}, javascriptEnabled: true, networkConnectionEnabled: false, pageLoadStrategy: normal, platform: WINDOWS, platformName: WINDOWS, proxy: Proxy(), se:cdp: ws://localhost:59096/devtoo..., se:cdpVersion: 105.0.5195.125, setWindowRect: true, strictFileInteractability: false, timeouts: {implicit: 0, pageLoad: 300000, script: 30000}, unhandledPromptBehavior: dismiss and notify, webauthn:extension:credBlob: true, webauthn:extension:largeBlob: true, webauthn:virtualAuthenticators: true}
Element: [[ChromeDriver: chrome on WINDOWS (ba4ef4215c2b7dc5696122a4368c6168)] -> id: modFinanceiro]
Session ID: ba4ef4215c2b7dc5696122a4368c6168
	at Financeiro.ContasAReceber.ContasReceber.InicializaContasReceber(ContasReceber.java:56)
</error>
    <system-err><![CDATA[Starting ChromeDriver 105.0.5195.19 (b9c217c128c16f53d12f9a02933fcfdec1bf49af-refs/branch-heads/5195@{#176}) on port 56177Only local connections are allowed.Please see https://chromedriver.chromium.org/security-considerations for suggestions on keeping ChromeDriver safe.ChromeDriver was started successfully.set 14, 2022 9:45:17 PM org.openqa.selenium.remote.ProtocolHandshake createSession
INFORMAÇÕES: Detected dialect: W3C
set 14, 2022 9:45:17 PM org.openqa.selenium.devtools.CdpVersionFinder findNearestMatch
ADVERTÊNCIA: Unable to find an exact match for CDP version 105, so returning the closest version found: a no-op implementation
set 14, 2022 9:45:17 PM org.openqa.selenium.devtools.CdpVersionFinder findNearestMatch
INFORMAÇÕES: Unable to find CDP implementation matching 105.
set 14, 2022 9:45:17 PM org.openqa.selenium.chromium.ChromiumDriver lambda$new$3
ADVERTÊNCIA: Unable to find version of CDP to use for . You may need to include a dependency on a specific version of the CDP using something similar to `org.seleniumhq.selenium:selenium-devtools-v86:4.1.1` where the version ("v86") matches the version of the chromium-based browser you're using and the version number of the artifact is the same as Selenium's.
]]></system-err>
  </testcase>
  <testcase name="T100_RecebimentosDeRenegociacoes" classname="Financeiro.ContasAReceber.ContasReceber" time="11.108">
    <error message="element not interactable&#10;  (Session info: chrome=105.0.5195.125)&#10;Build info: version: &apos;4.1.1&apos;, revision: &apos;e8fcc2cecf&apos;&#10;System info: host: &apos;DESKTOP-Q4CVPEU&apos;, ip: &apos;169.254.193.202&apos;, os.name: &apos;Windows 10&apos;, os.arch: &apos;amd64&apos;, os.version: &apos;10.0&apos;, java.version: &apos;1.8.0_321&apos;&#10;Driver info: org.openqa.selenium.chrome.ChromeDriver&#10;Command: [feaf93b5cde7698847cb71a9f1bde3c8, clickElement {id=95737060-c71a-4954-9f1a-bb7d022129a2}]&#10;Capabilities {acceptInsecureCerts: false, browserName: chrome, browserVersion: 105.0.5195.125, chrome: {chromedriverVersion: 105.0.5195.19 (b9c217c128c1..., userDataDir: C:\Windows\TEMP\scoped_dir8...}, goog:chromeOptions: {debuggerAddress: localhost:59120}, javascriptEnabled: true, networkConnectionEnabled: false, pageLoadStrategy: normal, platform: WINDOWS, platformName: WINDOWS, proxy: Proxy(), se:cdp: ws://localhost:59120/devtoo..., se:cdpVersion: 105.0.5195.125, setWindowRect: true, strictFileInteractability: false, timeouts: {implicit: 0, pageLoad: 300000, script: 30000}, unhandledPromptBehavior: dismiss and notify, webauthn:extension:credBlob: true, webauthn:extension:largeBlob: true, webauthn:virtualAuthenticators: true}&#10;Element: [[ChromeDriver: chrome on WINDOWS (feaf93b5cde7698847cb71a9f1bde3c8)] -&gt; id: modFinanceiro]&#10;Session ID: feaf93b5cde7698847cb71a9f1bde3c8" type="org.openqa.selenium.ElementNotInteractableException">org.openqa.selenium.ElementNotInteractableException: 
element not interactable
  (Session info: chrome=105.0.5195.125)
Build info: version: '4.1.1', revision: 'e8fcc2cecf'
System info: host: 'DESKTOP-Q4CVPEU', ip: '169.254.193.202', os.name: 'Windows 10', os.arch: 'amd64', os.version: '10.0', java.version: '1.8.0_321'
Driver info: org.openqa.selenium.chrome.ChromeDriver
Command: [feaf93b5cde7698847cb71a9f1bde3c8, clickElement {id=95737060-c71a-4954-9f1a-bb7d022129a2}]
Capabilities {acceptInsecureCerts: false, browserName: chrome, browserVersion: 105.0.5195.125, chrome: {chromedriverVersion: 105.0.5195.19 (b9c217c128c1..., userDataDir: C:\Windows\TEMP\scoped_dir8...}, goog:chromeOptions: {debuggerAddress: localhost:59120}, javascriptEnabled: true, networkConnectionEnabled: false, pageLoadStrategy: normal, platform: WINDOWS, platformName: WINDOWS, proxy: Proxy(), se:cdp: ws://localhost:59120/devtoo..., se:cdpVersion: 105.0.5195.125, setWindowRect: true, strictFileInteractability: false, timeouts: {implicit: 0, pageLoad: 300000, script: 30000}, unhandledPromptBehavior: dismiss and notify, webauthn:extension:credBlob: true, webauthn:extension:largeBlob: true, webauthn:virtualAuthenticators: true}
Element: [[ChromeDriver: chrome on WINDOWS (feaf93b5cde7698847cb71a9f1bde3c8)] -> id: modFinanceiro]
Session ID: feaf93b5cde7698847cb71a9f1bde3c8
	at Financeiro.ContasAReceber.ContasReceber.InicializaContasReceber(ContasReceber.java:56)
</error>
    <system-err><![CDATA[Starting ChromeDriver 105.0.5195.19 (b9c217c128c16f53d12f9a02933fcfdec1bf49af-refs/branch-heads/5195@{#176}) on port 55172Only local connections are allowed.Please see https://chromedriver.chromium.org/security-considerations for suggestions on keeping ChromeDriver safe.ChromeDriver was started successfully.set 14, 2022 9:45:20 PM org.openqa.selenium.remote.ProtocolHandshake createSession
INFORMAÇÕES: Detected dialect: W3C
set 14, 2022 9:45:20 PM org.openqa.selenium.devtools.CdpVersionFinder findNearestMatch
ADVERTÊNCIA: Unable to find an exact match for CDP version 105, so returning the closest version found: a no-op implementation
set 14, 2022 9:45:20 PM org.openqa.selenium.devtools.CdpVersionFinder findNearestMatch
INFORMAÇÕES: Unable to find CDP implementation matching 105.
set 14, 2022 9:45:20 PM org.openqa.selenium.chromium.ChromiumDriver lambda$new$3
ADVERTÊNCIA: Unable to find version of CDP to use for . You may need to include a dependency on a specific version of the CDP using something similar to `org.seleniumhq.selenium:selenium-devtools-v86:4.1.1` where the version ("v86") matches the version of the chromium-based browser you're using and the version number of the artifact is the same as Selenium's.
]]></system-err>
  </testcase>
  <testcase name="T110_GeracaoEnvioDeBoletoEmailSelecionadas" classname="Financeiro.ContasAReceber.ContasReceber" time="10.656">
    <error message="element not interactable&#10;  (Session info: chrome=105.0.5195.125)&#10;Build info: version: &apos;4.1.1&apos;, revision: &apos;e8fcc2cecf&apos;&#10;System info: host: &apos;DESKTOP-Q4CVPEU&apos;, ip: &apos;169.254.193.202&apos;, os.name: &apos;Windows 10&apos;, os.arch: &apos;amd64&apos;, os.version: &apos;10.0&apos;, java.version: &apos;1.8.0_321&apos;&#10;Driver info: org.openqa.selenium.chrome.ChromeDriver&#10;Command: [12cacdbd2a5a4375b1085ef001aa5013, clickElement {id=ba14be05-566b-453c-a378-4a33abd572e6}]&#10;Capabilities {acceptInsecureCerts: false, browserName: chrome, browserVersion: 105.0.5195.125, chrome: {chromedriverVersion: 105.0.5195.19 (b9c217c128c1..., userDataDir: C:\Windows\TEMP\scoped_dir8...}, goog:chromeOptions: {debuggerAddress: localhost:59159}, javascriptEnabled: true, networkConnectionEnabled: false, pageLoadStrategy: normal, platform: WINDOWS, platformName: WINDOWS, proxy: Proxy(), se:cdp: ws://localhost:59159/devtoo..., se:cdpVersion: 105.0.5195.125, setWindowRect: true, strictFileInteractability: false, timeouts: {implicit: 0, pageLoad: 300000, script: 30000}, unhandledPromptBehavior: dismiss and notify, webauthn:extension:credBlob: true, webauthn:extension:largeBlob: true, webauthn:virtualAuthenticators: true}&#10;Element: [[ChromeDriver: chrome on WINDOWS (12cacdbd2a5a4375b1085ef001aa5013)] -&gt; id: modFinanceiro]&#10;Session ID: 12cacdbd2a5a4375b1085ef001aa5013" type="org.openqa.selenium.ElementNotInteractableException">org.openqa.selenium.ElementNotInteractableException: 
element not interactable
  (Session info: chrome=105.0.5195.125)
Build info: version: '4.1.1', revision: 'e8fcc2cecf'
System info: host: 'DESKTOP-Q4CVPEU', ip: '169.254.193.202', os.name: 'Windows 10', os.arch: 'amd64', os.version: '10.0', java.version: '1.8.0_321'
Driver info: org.openqa.selenium.chrome.ChromeDriver
Command: [12cacdbd2a5a4375b1085ef001aa5013, clickElement {id=ba14be05-566b-453c-a378-4a33abd572e6}]
Capabilities {acceptInsecureCerts: false, browserName: chrome, browserVersion: 105.0.5195.125, chrome: {chromedriverVersion: 105.0.5195.19 (b9c217c128c1..., userDataDir: C:\Windows\TEMP\scoped_dir8...}, goog:chromeOptions: {debuggerAddress: localhost:59159}, javascriptEnabled: true, networkConnectionEnabled: false, pageLoadStrategy: normal, platform: WINDOWS, platformName: WINDOWS, proxy: Proxy(), se:cdp: ws://localhost:59159/devtoo..., se:cdpVersion: 105.0.5195.125, setWindowRect: true, strictFileInteractability: false, timeouts: {implicit: 0, pageLoad: 300000, script: 30000}, unhandledPromptBehavior: dismiss and notify, webauthn:extension:credBlob: true, webauthn:extension:largeBlob: true, webauthn:virtualAuthenticators: true}
Element: [[ChromeDriver: chrome on WINDOWS (12cacdbd2a5a4375b1085ef001aa5013)] -> id: modFinanceiro]
Session ID: 12cacdbd2a5a4375b1085ef001aa5013
	at Financeiro.ContasAReceber.ContasReceber.InicializaContasReceber(ContasReceber.java:56)
</error>
    <system-err><![CDATA[Starting ChromeDriver 105.0.5195.19 (b9c217c128c16f53d12f9a02933fcfdec1bf49af-refs/branch-heads/5195@{#176}) on port 52631Only local connections are allowed.Please see https://chromedriver.chromium.org/security-considerations for suggestions on keeping ChromeDriver safe.ChromeDriver was started successfully.set 14, 2022 9:45:30 PM org.openqa.selenium.remote.ProtocolHandshake createSession
INFORMAÇÕES: Detected dialect: W3C
set 14, 2022 9:45:30 PM org.openqa.selenium.devtools.CdpVersionFinder findNearestMatch
ADVERTÊNCIA: Unable to find an exact match for CDP version 105, so returning the closest version found: a no-op implementation
set 14, 2022 9:45:30 PM org.openqa.selenium.devtools.CdpVersionFinder findNearestMatch
INFORMAÇÕES: Unable to find CDP implementation matching 105.
set 14, 2022 9:45:30 PM org.openqa.selenium.chromium.ChromiumDriver lambda$new$3
ADVERTÊNCIA: Unable to find version of CDP to use for . You may need to include a dependency on a specific version of the CDP using something similar to `org.seleniumhq.selenium:selenium-devtools-v86:4.1.1` where the version ("v86") matches the version of the chromium-based browser you're using and the version number of the artifact is the same as Selenium's.
]]></system-err>
  </testcase>
  <testcase name="T120_GerecaoEnvioDeBoletosEmailTodos" classname="Financeiro.ContasAReceber.ContasReceber" time="14.374">
    <error message="element not interactable&#10;  (Session info: chrome=105.0.5195.125)&#10;Build info: version: &apos;4.1.1&apos;, revision: &apos;e8fcc2cecf&apos;&#10;System info: host: &apos;DESKTOP-Q4CVPEU&apos;, ip: &apos;169.254.193.202&apos;, os.name: &apos;Windows 10&apos;, os.arch: &apos;amd64&apos;, os.version: &apos;10.0&apos;, java.version: &apos;1.8.0_321&apos;&#10;Driver info: org.openqa.selenium.chrome.ChromeDriver&#10;Command: [b96e00ec501b0280f76fb6cecf7b4920, clickElement {id=1988f466-46d1-4c6b-b871-5ecd4d2c1f6d}]&#10;Capabilities {acceptInsecureCerts: false, browserName: chrome, browserVersion: 105.0.5195.125, chrome: {chromedriverVersion: 105.0.5195.19 (b9c217c128c1..., userDataDir: C:\Windows\TEMP\scoped_dir9...}, goog:chromeOptions: {debuggerAddress: localhost:59179}, javascriptEnabled: true, networkConnectionEnabled: false, pageLoadStrategy: normal, platform: WINDOWS, platformName: WINDOWS, proxy: Proxy(), se:cdp: ws://localhost:59179/devtoo..., se:cdpVersion: 105.0.5195.125, setWindowRect: true, strictFileInteractability: false, timeouts: {implicit: 0, pageLoad: 300000, script: 30000}, unhandledPromptBehavior: dismiss and notify, webauthn:extension:credBlob: true, webauthn:extension:largeBlob: true, webauthn:virtualAuthenticators: true}&#10;Element: [[ChromeDriver: chrome on WINDOWS (b96e00ec501b0280f76fb6cecf7b4920)] -&gt; id: modFinanceiro]&#10;Session ID: b96e00ec501b0280f76fb6cecf7b4920" type="org.openqa.selenium.ElementNotInteractableException">org.openqa.selenium.ElementNotInteractableException: 
element not interactable
  (Session info: chrome=105.0.5195.125)
Build info: version: '4.1.1', revision: 'e8fcc2cecf'
System info: host: 'DESKTOP-Q4CVPEU', ip: '169.254.193.202', os.name: 'Windows 10', os.arch: 'amd64', os.version: '10.0', java.version: '1.8.0_321'
Driver info: org.openqa.selenium.chrome.ChromeDriver
Command: [b96e00ec501b0280f76fb6cecf7b4920, clickElement {id=1988f466-46d1-4c6b-b871-5ecd4d2c1f6d}]
Capabilities {acceptInsecureCerts: false, browserName: chrome, browserVersion: 105.0.5195.125, chrome: {chromedriverVersion: 105.0.5195.19 (b9c217c128c1..., userDataDir: C:\Windows\TEMP\scoped_dir9...}, goog:chromeOptions: {debuggerAddress: localhost:59179}, javascriptEnabled: true, networkConnectionEnabled: false, pageLoadStrategy: normal, platform: WINDOWS, platformName: WINDOWS, proxy: Proxy(), se:cdp: ws://localhost:59179/devtoo..., se:cdpVersion: 105.0.5195.125, setWindowRect: true, strictFileInteractability: false, timeouts: {implicit: 0, pageLoad: 300000, script: 30000}, unhandledPromptBehavior: dismiss and notify, webauthn:extension:credBlob: true, webauthn:extension:largeBlob: true, webauthn:virtualAuthenticators: true}
Element: [[ChromeDriver: chrome on WINDOWS (b96e00ec501b0280f76fb6cecf7b4920)] -> id: modFinanceiro]
Session ID: b96e00ec501b0280f76fb6cecf7b4920
	at Financeiro.ContasAReceber.ContasReceber.InicializaContasReceber(ContasReceber.java:56)
</error>
    <system-err><![CDATA[Starting ChromeDriver 105.0.5195.19 (b9c217c128c16f53d12f9a02933fcfdec1bf49af-refs/branch-heads/5195@{#176}) on port 52480Only local connections are allowed.Please see https://chromedriver.chromium.org/security-considerations for suggestions on keeping ChromeDriver safe.ChromeDriver was started successfully.set 14, 2022 9:45:32 PM org.openqa.selenium.remote.ProtocolHandshake createSession
INFORMAÇÕES: Detected dialect: W3C
set 14, 2022 9:45:32 PM org.openqa.selenium.devtools.CdpVersionFinder findNearestMatch
ADVERTÊNCIA: Unable to find an exact match for CDP version 105, so returning the closest version found: a no-op implementation
set 14, 2022 9:45:32 PM org.openqa.selenium.devtools.CdpVersionFinder findNearestMatch
INFORMAÇÕES: Unable to find CDP implementation matching 105.
set 14, 2022 9:45:32 PM org.openqa.selenium.chromium.ChromiumDriver lambda$new$3
ADVERTÊNCIA: Unable to find version of CDP to use for . You may need to include a dependency on a specific version of the CDP using something similar to `org.seleniumhq.selenium:selenium-devtools-v86:4.1.1` where the version ("v86") matches the version of the chromium-based browser you're using and the version number of the artifact is the same as Selenium's.
]]></system-err>
  </testcase>
  <testcase name="T130_GeracaoImpressaoDeBoletosSelecionadas" classname="Financeiro.ContasAReceber.ContasReceber" time="11.334">
    <error message="element not interactable&#10;  (Session info: chrome=105.0.5195.125)&#10;Build info: version: &apos;4.1.1&apos;, revision: &apos;e8fcc2cecf&apos;&#10;System info: host: &apos;DESKTOP-Q4CVPEU&apos;, ip: &apos;169.254.193.202&apos;, os.name: &apos;Windows 10&apos;, os.arch: &apos;amd64&apos;, os.version: &apos;10.0&apos;, java.version: &apos;1.8.0_321&apos;&#10;Driver info: org.openqa.selenium.chrome.ChromeDriver&#10;Command: [a6c2b98925016ade538d8694633cdb15, clickElement {id=f87341c6-d6ea-44b5-8147-532a63e6389e}]&#10;Capabilities {acceptInsecureCerts: false, browserName: chrome, browserVersion: 105.0.5195.125, chrome: {chromedriverVersion: 105.0.5195.19 (b9c217c128c1..., userDataDir: C:\Windows\TEMP\scoped_dir7...}, goog:chromeOptions: {debuggerAddress: localhost:59212}, javascriptEnabled: true, networkConnectionEnabled: false, pageLoadStrategy: normal, platform: WINDOWS, platformName: WINDOWS, proxy: Proxy(), se:cdp: ws://localhost:59212/devtoo..., se:cdpVersion: 105.0.5195.125, setWindowRect: true, strictFileInteractability: false, timeouts: {implicit: 0, pageLoad: 300000, script: 30000}, unhandledPromptBehavior: dismiss and notify, webauthn:extension:credBlob: true, webauthn:extension:largeBlob: true, webauthn:virtualAuthenticators: true}&#10;Element: [[ChromeDriver: chrome on WINDOWS (a6c2b98925016ade538d8694633cdb15)] -&gt; id: modFinanceiro]&#10;Session ID: a6c2b98925016ade538d8694633cdb15" type="org.openqa.selenium.ElementNotInteractableException">org.openqa.selenium.ElementNotInteractableException: 
element not interactable
  (Session info: chrome=105.0.5195.125)
Build info: version: '4.1.1', revision: 'e8fcc2cecf'
System info: host: 'DESKTOP-Q4CVPEU', ip: '169.254.193.202', os.name: 'Windows 10', os.arch: 'amd64', os.version: '10.0', java.version: '1.8.0_321'
Driver info: org.openqa.selenium.chrome.ChromeDriver
Command: [a6c2b98925016ade538d8694633cdb15, clickElement {id=f87341c6-d6ea-44b5-8147-532a63e6389e}]
Capabilities {acceptInsecureCerts: false, browserName: chrome, browserVersion: 105.0.5195.125, chrome: {chromedriverVersion: 105.0.5195.19 (b9c217c128c1..., userDataDir: C:\Windows\TEMP\scoped_dir7...}, goog:chromeOptions: {debuggerAddress: localhost:59212}, javascriptEnabled: true, networkConnectionEnabled: false, pageLoadStrategy: normal, platform: WINDOWS, platformName: WINDOWS, proxy: Proxy(), se:cdp: ws://localhost:59212/devtoo..., se:cdpVersion: 105.0.5195.125, setWindowRect: true, strictFileInteractability: false, timeouts: {implicit: 0, pageLoad: 300000, script: 30000}, unhandledPromptBehavior: dismiss and notify, webauthn:extension:credBlob: true, webauthn:extension:largeBlob: true, webauthn:virtualAuthenticators: true}
Element: [[ChromeDriver: chrome on WINDOWS (a6c2b98925016ade538d8694633cdb15)] -> id: modFinanceiro]
Session ID: a6c2b98925016ade538d8694633cdb15
	at Financeiro.ContasAReceber.ContasReceber.InicializaContasReceber(ContasReceber.java:56)
</error>
    <system-err><![CDATA[Starting ChromeDriver 105.0.5195.19 (b9c217c128c16f53d12f9a02933fcfdec1bf49af-refs/branch-heads/5195@{#176}) on port 54431Only local connections are allowed.Please see https://chromedriver.chromium.org/security-considerations for suggestions on keeping ChromeDriver safe.ChromeDriver was started successfully.set 14, 2022 9:45:41 PM org.openqa.selenium.remote.ProtocolHandshake createSession
INFORMAÇÕES: Detected dialect: W3C
set 14, 2022 9:45:41 PM org.openqa.selenium.devtools.CdpVersionFinder findNearestMatch
ADVERTÊNCIA: Unable to find an exact match for CDP version 105, so returning the closest version found: a no-op implementation
set 14, 2022 9:45:41 PM org.openqa.selenium.devtools.CdpVersionFinder findNearestMatch
INFORMAÇÕES: Unable to find CDP implementation matching 105.
set 14, 2022 9:45:41 PM org.openqa.selenium.chromium.ChromiumDriver lambda$new$3
ADVERTÊNCIA: Unable to find version of CDP to use for . You may need to include a dependency on a specific version of the CDP using something similar to `org.seleniumhq.selenium:selenium-devtools-v86:4.1.1` where the version ("v86") matches the version of the chromium-based browser you're using and the version number of the artifact is the same as Selenium's.
]]></system-err>
  </testcase>
</testsuite>