<?xml version="1.0" encoding="UTF-8"?>
<testsuite xmlns:xsi="http://www.w3.org/2001/XMLSchema-instance" xsi:noNamespaceSchemaLocation="https://maven.apache.org/surefire/maven-surefire-plugin/xsd/surefire-test-report.xsd" name="Financeiro.PosicaoFinanceira.PosicaoFinanceira" time="100.681" tests="7" errors="7" skipped="0" failures="0">
  <properties>
[...]
</properties>
  <testcase name="T020_ConsultaRegistroPosicaoFinanceira" classname="Financeiro.PosicaoFinanceira.PosicaoFinanceira" time="27.825">
    <error message="element click intercepted: Element &lt;span class=&quot;x-btn-inner&quot;&gt;...&lt;/span&gt; is not clickable at point (807, 222). Other element would receive the click: &lt;div id=&quot;XIDEE9B4C4F&quot; class=&quot;x-btn x-borderbox x-btn-small x-btn-small-icon-left x-flex-item x-flex-item-hbox x-btn-center x-btn-noface x-border&quot; title=&quot;Imprimir Boleto&quot;&gt;...&lt;/div&gt;&#10;  (Session info: chrome=104.0.5112.102)&#10;Build info: version: &apos;4.1.1&apos;, revision: &apos;e8fcc2cecf&apos;&#10;System info: host: &apos;DESKTOP-Q4CVPEU&apos;, ip: &apos;169.254.193.202&apos;, os.name: &apos;Windows 10&apos;, os.arch: &apos;amd64&apos;, os.version: &apos;10.0&apos;, java.version: &apos;1.8.0_321&apos;&#10;Driver info: org.openqa.selenium.chrome.ChromeDriver&#10;Command: [b93e3af163ed3a12a16fcf6783a5dc38, clickElement {id=2bfe8eb7-fb5f-42c2-bc21-88e429719ab8}]&#10;Capabilities {acceptInsecureCerts: false, browserName: chrome, browserVersion: 104.0.5112.102, chrome: {chromedriverVersion: 103.0.5060.53 (a1711811edd7..., userDataDir: C:\Windows\TEMP\scoped_dir6...}, goog:chromeOptions: {debuggerAddress: localhost:49627}, javascriptEnabled: true, networkConnectionEnabled: false, pageLoadStrategy: normal, platform: WINDOWS, platformName: WINDOWS, proxy: Proxy(), se:cdp: ws://localhost:49627/devtoo..., se:cdpVersion: 104.0.5112.102, setWindowRect: true, strictFileInteractability: false, timeouts: {implicit: 0, pageLoad: 300000, script: 30000}, unhandledPromptBehavior: dismiss and notify, webauthn:extension:credBlob: true, webauthn:extension:largeBlob: true, webauthn:virtualAuthenticators: true}&#10;Element: [[ChromeDriver: chrome on WINDOWS (b93e3af163ed3a12a16fcf6783a5dc38)] -&gt; xpath: //*[text()=&apos;Localizar&apos;]]&#10;Session ID: b93e3af163ed3a12a16fcf6783a5dc38" type="org.openqa.selenium.ElementClickInterceptedException"><![CDATA[org.openqa.selenium.ElementClickInterceptedException: 
element click intercepted: Element <span class="x-btn-inner">...</span> is not clickable at point (807, 222). Other element would receive the click: <div id="XIDEE9B4C4F" class="x-btn x-borderbox x-btn-small x-btn-small-icon-left x-flex-item x-flex-item-hbox x-btn-center x-btn-noface x-border" title="Imprimir Boleto">...</div>
  (Session info: chrome=104.0.5112.102)
Build info: version: '4.1.1', revision: 'e8fcc2cecf'
System info: host: 'DESKTOP-Q4CVPEU', ip: '169.254.193.202', os.name: 'Windows 10', os.arch: 'amd64', os.version: '10.0', java.version: '1.8.0_321'
Driver info: org.openqa.selenium.chrome.ChromeDriver
Command: [b93e3af163ed3a12a16fcf6783a5dc38, clickElement {id=2bfe8eb7-fb5f-42c2-bc21-88e429719ab8}]
Capabilities {acceptInsecureCerts: false, browserName: chrome, browserVersion: 104.0.5112.102, chrome: {chromedriverVersion: 103.0.5060.53 (a1711811edd7..., userDataDir: C:\Windows\TEMP\scoped_dir6...}, goog:chromeOptions: {debuggerAddress: localhost:49627}, javascriptEnabled: true, networkConnectionEnabled: false, pageLoadStrategy: normal, platform: WINDOWS, platformName: WINDOWS, proxy: Proxy(), se:cdp: ws://localhost:49627/devtoo..., se:cdpVersion: 104.0.5112.102, setWindowRect: true, strictFileInteractability: false, timeouts: {implicit: 0, pageLoad: 300000, script: 30000}, unhandledPromptBehavior: dismiss and notify, webauthn:extension:credBlob: true, webauthn:extension:largeBlob: true, webauthn:virtualAuthenticators: true}
Element: [[ChromeDriver: chrome on WINDOWS (b93e3af163ed3a12a16fcf6783a5dc38)] -> xpath: //*[text()='Localizar']]
Session ID: b93e3af163ed3a12a16fcf6783a5dc38
	at Financeiro.PosicaoFinanceira.PosicaoFinanceira.T020_ConsultaRegistroPosicaoFinanceira(PosicaoFinanceira.java:71)
]]></error>
    <system-err><![CDATA[Starting ChromeDriver 103.0.5060.53 (a1711811edd74ff1cf2150f36ffa3b0dae40b17f-refs/branch-heads/5060@{#853}) on port 52747Only local connections are allowed.Please see https://chromedriver.chromium.org/security-considerations for suggestions on keeping ChromeDriver safe.ChromeDriver was started successfully.[1661538446.275][WARNING]: This version of ChromeDriver has not been tested with Chrome version 104.ago 26, 2022 3:27:26 PM org.openqa.selenium.remote.ProtocolHandshake createSession
INFORMAÇÕES: Detected dialect: W3C
ago 26, 2022 3:27:26 PM org.openqa.selenium.devtools.CdpVersionFinder findNearestMatch
ADVERTÊNCIA: Unable to find an exact match for CDP version 104, so returning the closest version found: a no-op implementation
ago 26, 2022 3:27:26 PM org.openqa.selenium.devtools.CdpVersionFinder findNearestMatch
INFORMAÇÕES: Unable to find CDP implementation matching 104.
ago 26, 2022 3:27:26 PM org.openqa.selenium.chromium.ChromiumDriver lambda$new$3
ADVERTÊNCIA: Unable to find version of CDP to use for . You may need to include a dependency on a specific version of the CDP using something similar to `org.seleniumhq.selenium:selenium-devtools-v86:4.1.1` where the version ("v86") matches the version of the chromium-based browser you're using and the version number of the artifact is the same as Selenium's.
]]></system-err>
  </testcase>
  <testcase name="T030_ConsultaFiltrosAvancados" classname="Financeiro.PosicaoFinanceira.PosicaoFinanceira" time="30.957">
    <error message="element click intercepted: Element &lt;span class=&quot;x-btn-inner&quot;&gt;...&lt;/span&gt; is not clickable at point (807, 222). Other element would receive the click: &lt;div id=&quot;XIDEE9B4C4F&quot; class=&quot;x-btn x-borderbox x-btn-small x-btn-small-icon-left x-flex-item x-flex-item-hbox x-btn-center x-btn-noface x-border&quot; title=&quot;Imprimir Boleto&quot;&gt;...&lt;/div&gt;&#10;  (Session info: chrome=104.0.5112.102)&#10;Build info: version: &apos;4.1.1&apos;, revision: &apos;e8fcc2cecf&apos;&#10;System info: host: &apos;DESKTOP-Q4CVPEU&apos;, ip: &apos;169.254.193.202&apos;, os.name: &apos;Windows 10&apos;, os.arch: &apos;amd64&apos;, os.version: &apos;10.0&apos;, java.version: &apos;1.8.0_321&apos;&#10;Driver info: org.openqa.selenium.chrome.ChromeDriver&#10;Command: [b4b7dbc69a5cc96ab6c9c5c6b6c00239, clickElement {id=7791114a-70af-474d-a1cb-3c2caada3b7d}]&#10;Capabilities {acceptInsecureCerts: false, browserName: chrome, browserVersion: 104.0.5112.102, chrome: {chromedriverVersion: 103.0.5060.53 (a1711811edd7..., userDataDir: C:\Windows\TEMP\scoped_dir1...}, goog:chromeOptions: {debuggerAddress: localhost:49647}, javascriptEnabled: true, networkConnectionEnabled: false, pageLoadStrategy: normal, platform: WINDOWS, platformName: WINDOWS, proxy: Proxy(), se:cdp: ws://localhost:49647/devtoo..., se:cdpVersion: 104.0.5112.102, setWindowRect: true, strictFileInteractability: false, timeouts: {implicit: 0, pageLoad: 300000, script: 30000}, unhandledPromptBehavior: dismiss and notify, webauthn:extension:credBlob: true, webauthn:extension:largeBlob: true, webauthn:virtualAuthenticators: true}&#10;Element: [[ChromeDriver: chrome on WINDOWS (b4b7dbc69a5cc96ab6c9c5c6b6c00239)] -&gt; xpath: //*[text()=&apos;Localizar&apos;]]&#10;Session ID: b4b7dbc69a5cc96ab6c9c5c6b6c00239" type="org.openqa.selenium.ElementClickInterceptedException"><![CDATA[org.openqa.selenium.ElementClickInterceptedException: 
element click intercepted: Element <span class="x-btn-inner">...</span> is not clickable at point (807, 222). Other element would receive the click: <div id="XIDEE9B4C4F" class="x-btn x-borderbox x-btn-small x-btn-small-icon-left x-flex-item x-flex-item-hbox x-btn-center x-btn-noface x-border" title="Imprimir Boleto">...</div>
  (Session info: chrome=104.0.5112.102)
Build info: version: '4.1.1', revision: 'e8fcc2cecf'
System info: host: 'DESKTOP-Q4CVPEU', ip: '169.254.193.202', os.name: 'Windows 10', os.arch: 'amd64', os.version: '10.0', java.version: '1.8.0_321'
Driver info: org.openqa.selenium.chrome.ChromeDriver
Command: [b4b7dbc69a5cc96ab6c9c5c6b6c00239, clickElement {id=7791114a-70af-474d-a1cb-3c2caada3b7d}]
Capabilities {acceptInsecureCerts: false, browserName: chrome, browserVersion: 104.0.5112.102, chrome: {chromedriverVersion: 103.0.5060.53 (a1711811edd7..., userDataDir: C:\Windows\TEMP\scoped_dir1...}, goog:chromeOptions: {debuggerAddress: localhost:49647}, javascriptEnabled: true, networkConnectionEnabled: false, pageLoadStrategy: normal, platform: WINDOWS, platformName: WINDOWS, proxy: Proxy(), se:cdp: ws://localhost:49647/devtoo..., se:cdpVersion: 104.0.5112.102, setWindowRect: true, strictFileInteractability: false, timeouts: {implicit: 0, pageLoad: 300000, script: 30000}, unhandledPromptBehavior: dismiss and notify, webauthn:extension:credBlob: true, webauthn:extension:largeBlob: true, webauthn:virtualAuthenticators: true}
Element: [[ChromeDriver: chrome on WINDOWS (b4b7dbc69a5cc96ab6c9c5c6b6c00239)] -> xpath: //*[text()='Localizar']]
Session ID: b4b7dbc69a5cc96ab6c9c5c6b6c00239
	at Financeiro.PosicaoFinanceira.PosicaoFinanceira.T030_ConsultaFiltrosAvancados(PosicaoFinanceira.java:92)
]]></error>
    <system-err><![CDATA[Starting ChromeDriver 103.0.5060.53 (a1711811edd74ff1cf2150f36ffa3b0dae40b17f-refs/branch-heads/5060@{#853}) on port 58883Only local connections are allowed.Please see https://chromedriver.chromium.org/security-considerations for suggestions on keeping ChromeDriver safe.ChromeDriver was started successfully.[1661538447.958][WARNING]: This version of ChromeDriver has not been tested with Chrome version 104.ago 26, 2022 3:27:28 PM org.openqa.selenium.remote.ProtocolHandshake createSession
INFORMAÇÕES: Detected dialect: W3C
ago 26, 2022 3:27:28 PM org.openqa.selenium.devtools.CdpVersionFinder findNearestMatch
ADVERTÊNCIA: Unable to find an exact match for CDP version 104, so returning the closest version found: a no-op implementation
ago 26, 2022 3:27:28 PM org.openqa.selenium.devtools.CdpVersionFinder findNearestMatch
INFORMAÇÕES: Unable to find CDP implementation matching 104.
ago 26, 2022 3:27:28 PM org.openqa.selenium.chromium.ChromiumDriver lambda$new$3
ADVERTÊNCIA: Unable to find version of CDP to use for . You may need to include a dependency on a specific version of the CDP using something similar to `org.seleniumhq.selenium:selenium-devtools-v86:4.1.1` where the version ("v86") matches the version of the chromium-based browser you're using and the version number of the artifact is the same as Selenium's.
]]></system-err>
  </testcase>
  <testcase name="T040_AlteracaoSituracaoComplementoContasAReceber" classname="Financeiro.PosicaoFinanceira.PosicaoFinanceira" time="24.758">
    <error message="element click intercepted: Element &lt;span class=&quot;x-btn-inner&quot;&gt;...&lt;/span&gt; is not clickable at point (807, 222). Other element would receive the click: &lt;div id=&quot;XIDEE9B4C4F&quot; class=&quot;x-btn x-borderbox x-btn-small x-btn-small-icon-left x-flex-item x-flex-item-hbox x-btn-center x-btn-noface x-border&quot; title=&quot;Imprimir Boleto&quot;&gt;...&lt;/div&gt;&#10;  (Session info: chrome=104.0.5112.102)&#10;Build info: version: &apos;4.1.1&apos;, revision: &apos;e8fcc2cecf&apos;&#10;System info: host: &apos;DESKTOP-Q4CVPEU&apos;, ip: &apos;169.254.193.202&apos;, os.name: &apos;Windows 10&apos;, os.arch: &apos;amd64&apos;, os.version: &apos;10.0&apos;, java.version: &apos;1.8.0_321&apos;&#10;Driver info: org.openqa.selenium.chrome.ChromeDriver&#10;Command: [862b0c6c517d042ab99aaa9427c97d4b, clickElement {id=6ae2051f-b541-425b-9bba-d56d61fbd211}]&#10;Capabilities {acceptInsecureCerts: false, browserName: chrome, browserVersion: 104.0.5112.102, chrome: {chromedriverVersion: 103.0.5060.53 (a1711811edd7..., userDataDir: C:\Windows\TEMP\scoped_dir5...}, goog:chromeOptions: {debuggerAddress: localhost:49691}, javascriptEnabled: true, networkConnectionEnabled: false, pageLoadStrategy: normal, platform: WINDOWS, platformName: WINDOWS, proxy: Proxy(), se:cdp: ws://localhost:49691/devtoo..., se:cdpVersion: 104.0.5112.102, setWindowRect: true, strictFileInteractability: false, timeouts: {implicit: 0, pageLoad: 300000, script: 30000}, unhandledPromptBehavior: dismiss and notify, webauthn:extension:credBlob: true, webauthn:extension:largeBlob: true, webauthn:virtualAuthenticators: true}&#10;Element: [[ChromeDriver: chrome on WINDOWS (862b0c6c517d042ab99aaa9427c97d4b)] -&gt; xpath: //*[text()=&apos;Localizar&apos;]]&#10;Session ID: 862b0c6c517d042ab99aaa9427c97d4b" type="org.openqa.selenium.ElementClickInterceptedException"><![CDATA[org.openqa.selenium.ElementClickInterceptedException: 
element click intercepted: Element <span class="x-btn-inner">...</span> is not clickable at point (807, 222). Other element would receive the click: <div id="XIDEE9B4C4F" class="x-btn x-borderbox x-btn-small x-btn-small-icon-left x-flex-item x-flex-item-hbox x-btn-center x-btn-noface x-border" title="Imprimir Boleto">...</div>
  (Session info: chrome=104.0.5112.102)
Build info: version: '4.1.1', revision: 'e8fcc2cecf'
System info: host: 'DESKTOP-Q4CVPEU', ip: '169.254.193.202', os.name: 'Windows 10', os.arch: 'amd64', os.version: '10.0', java.version: '1.8.0_321'
Driver info: org.openqa.selenium.chrome.ChromeDriver
Command: [862b0c6c517d042ab99aaa9427c97d4b, clickElement {id=6ae2051f-b541-425b-9bba-d56d61fbd211}]
Capabilities {acceptInsecureCerts: false, browserName: chrome, browserVersion: 104.0.5112.102, chrome: {chromedriverVersion: 103.0.5060.53 (a1711811edd7..., userDataDir: C:\Windows\TEMP\scoped_dir5...}, goog:chromeOptions: {debuggerAddress: localhost:49691}, javascriptEnabled: true, networkConnectionEnabled: false, pageLoadStrategy: normal, platform: WINDOWS, platformName: WINDOWS, proxy: Proxy(), se:cdp: ws://localhost:49691/devtoo..., se:cdpVersion: 104.0.5112.102, setWindowRect: true, strictFileInteractability: false, timeouts: {implicit: 0, pageLoad: 300000, script: 30000}, unhandledPromptBehavior: dismiss and notify, webauthn:extension:credBlob: true, webauthn:extension:largeBlob: true, webauthn:virtualAuthenticators: true}
Element: [[ChromeDriver: chrome on WINDOWS (862b0c6c517d042ab99aaa9427c97d4b)] -> xpath: //*[text()='Localizar']]
Session ID: 862b0c6c517d042ab99aaa9427c97d4b
	at Financeiro.PosicaoFinanceira.PosicaoFinanceira.T040_AlteracaoSituracaoComplementoContasAReceber(PosicaoFinanceira.java:107)
]]></error>
    <system-err><![CDATA[Starting ChromeDriver 103.0.5060.53 (a1711811edd74ff1cf2150f36ffa3b0dae40b17f-refs/branch-heads/5060@{#853}) on port 49745Only local connections are allowed.Please see https://chromedriver.chromium.org/security-considerations for suggestions on keeping ChromeDriver safe.ChromeDriver was started successfully.[1661538473.912][WARNING]: This version of ChromeDriver has not been tested with Chrome version 104.ago 26, 2022 3:27:54 PM org.openqa.selenium.remote.ProtocolHandshake createSession
INFORMAÇÕES: Detected dialect: W3C
ago 26, 2022 3:27:54 PM org.openqa.selenium.devtools.CdpVersionFinder findNearestMatch
ADVERTÊNCIA: Unable to find an exact match for CDP version 104, so returning the closest version found: a no-op implementation
ago 26, 2022 3:27:54 PM org.openqa.selenium.devtools.CdpVersionFinder findNearestMatch
INFORMAÇÕES: Unable to find CDP implementation matching 104.
ago 26, 2022 3:27:54 PM org.openqa.selenium.chromium.ChromiumDriver lambda$new$3
ADVERTÊNCIA: Unable to find version of CDP to use for . You may need to include a dependency on a specific version of the CDP using something similar to `org.seleniumhq.selenium:selenium-devtools-v86:4.1.1` where the version ("v86") matches the version of the chromium-based browser you're using and the version number of the artifact is the same as Selenium's.
]]></system-err>
  </testcase>
  <testcase name="T050_Recebimentos" classname="Financeiro.PosicaoFinanceira.PosicaoFinanceira" time="24.715">
    <error message="element click intercepted: Element &lt;span class=&quot;x-btn-inner&quot;&gt;...&lt;/span&gt; is not clickable at point (807, 222). Other element would receive the click: &lt;div id=&quot;XIDEE9B4C4F&quot; class=&quot;x-btn x-borderbox x-btn-small x-btn-small-icon-left x-flex-item x-flex-item-hbox x-btn-center x-btn-noface x-border&quot; title=&quot;Imprimir Boleto&quot;&gt;...&lt;/div&gt;&#10;  (Session info: chrome=104.0.5112.102)&#10;Build info: version: &apos;4.1.1&apos;, revision: &apos;e8fcc2cecf&apos;&#10;System info: host: &apos;DESKTOP-Q4CVPEU&apos;, ip: &apos;169.254.193.202&apos;, os.name: &apos;Windows 10&apos;, os.arch: &apos;amd64&apos;, os.version: &apos;10.0&apos;, java.version: &apos;1.8.0_321&apos;&#10;Driver info: org.openqa.selenium.chrome.ChromeDriver&#10;Command: [4aab1cc041e2cbe74b3709ef70a56526, clickElement {id=a95629d8-2715-4094-89aa-6acb502fb0ae}]&#10;Capabilities {acceptInsecureCerts: false, browserName: chrome, browserVersion: 104.0.5112.102, chrome: {chromedriverVersion: 103.0.5060.53 (a1711811edd7..., userDataDir: C:\Windows\TEMP\scoped_dir4...}, goog:chromeOptions: {debuggerAddress: localhost:49716}, javascriptEnabled: true, networkConnectionEnabled: false, pageLoadStrategy: normal, platform: WINDOWS, platformName: WINDOWS, proxy: Proxy(), se:cdp: ws://localhost:49716/devtoo..., se:cdpVersion: 104.0.5112.102, setWindowRect: true, strictFileInteractability: false, timeouts: {implicit: 0, pageLoad: 300000, script: 30000}, unhandledPromptBehavior: dismiss and notify, webauthn:extension:credBlob: true, webauthn:extension:largeBlob: true, webauthn:virtualAuthenticators: true}&#10;Element: [[ChromeDriver: chrome on WINDOWS (4aab1cc041e2cbe74b3709ef70a56526)] -&gt; xpath: //*[text()=&apos;Localizar&apos;]]&#10;Session ID: 4aab1cc041e2cbe74b3709ef70a56526" type="org.openqa.selenium.ElementClickInterceptedException"><![CDATA[org.openqa.selenium.ElementClickInterceptedException: 
element click intercepted: Element <span class="x-btn-inner">...</span> is not clickable at point (807, 222). Other element would receive the click: <div id="XIDEE9B4C4F" class="x-btn x-borderbox x-btn-small x-btn-small-icon-left x-flex-item x-flex-item-hbox x-btn-center x-btn-noface x-border" title="Imprimir Boleto">...</div>
  (Session info: chrome=104.0.5112.102)
Build info: version: '4.1.1', revision: 'e8fcc2cecf'
System info: host: 'DESKTOP-Q4CVPEU', ip: '169.254.193.202', os.name: 'Windows 10', os.arch: 'amd64', os.version: '10.0', java.version: '1.8.0_321'
Driver info: org.openqa.selenium.chrome.ChromeDriver
Command: [4aab1cc041e2cbe74b3709ef70a56526, clickElement {id=a95629d8-2715-4094-89aa-6acb502fb0ae}]
Capabilities {acceptInsecureCerts: false, browserName: chrome, browserVersion: 104.0.5112.102, chrome: {chromedriverVersion: 103.0.5060.53 (a1711811edd7..., userDataDir: C:\Windows\TEMP\scoped_dir4...}, goog:chromeOptions: {debuggerAddress: localhost:49716}, javascriptEnabled: true, networkConnectionEnabled: false, pageLoadStrategy: normal, platform: WINDOWS, platformName: WINDOWS, proxy: Proxy(), se:cdp: ws://localhost:49716/devtoo..., se:cdpVersion: 104.0.5112.102, setWindowRect: true, strictFileInteractability: false, timeouts: {implicit: 0, pageLoad: 300000, script: 30000}, unhandledPromptBehavior: dismiss and notify, webauthn:extension:credBlob: true, webauthn:extension:largeBlob: true, webauthn:virtualAuthenticators: true}
Element: [[ChromeDriver: chrome on WINDOWS (4aab1cc041e2cbe74b3709ef70a56526)] -> xpath: //*[text()='Localizar']]
Session ID: 4aab1cc041e2cbe74b3709ef70a56526
	at Financeiro.PosicaoFinanceira.PosicaoFinanceira.T050_Recebimentos(PosicaoFinanceira.java:126)
]]></error>
    <system-err><![CDATA[Starting ChromeDriver 103.0.5060.53 (a1711811edd74ff1cf2150f36ffa3b0dae40b17f-refs/branch-heads/5060@{#853}) on port 54370Only local connections are allowed.Please see https://chromedriver.chromium.org/security-considerations for suggestions on keeping ChromeDriver safe.ChromeDriver was started successfully.[1661538476.905][WARNING]: This version of ChromeDriver has not been tested with Chrome version 104.ago 26, 2022 3:27:57 PM org.openqa.selenium.remote.ProtocolHandshake createSession
INFORMAÇÕES: Detected dialect: W3C
ago 26, 2022 3:27:57 PM org.openqa.selenium.devtools.CdpVersionFinder findNearestMatch
ADVERTÊNCIA: Unable to find an exact match for CDP version 104, so returning the closest version found: a no-op implementation
ago 26, 2022 3:27:57 PM org.openqa.selenium.devtools.CdpVersionFinder findNearestMatch
INFORMAÇÕES: Unable to find CDP implementation matching 104.
ago 26, 2022 3:27:57 PM org.openqa.selenium.chromium.ChromiumDriver lambda$new$3
ADVERTÊNCIA: Unable to find version of CDP to use for . You may need to include a dependency on a specific version of the CDP using something similar to `org.seleniumhq.selenium:selenium-devtools-v86:4.1.1` where the version ("v86") matches the version of the chromium-based browser you're using and the version number of the artifact is the same as Selenium's.
]]></system-err>
  </testcase>
  <testcase name="T080_ImprimirBoleto" classname="Financeiro.PosicaoFinanceira.PosicaoFinanceira" time="24.934">
    <error message="element click intercepted: Element &lt;span class=&quot;x-btn-inner&quot;&gt;...&lt;/span&gt; is not clickable at point (807, 222). Other element would receive the click: &lt;div id=&quot;XIDEE9B4C4F&quot; class=&quot;x-btn x-borderbox x-btn-small x-btn-small-icon-left x-flex-item x-flex-item-hbox x-btn-center x-btn-noface x-border&quot; title=&quot;Imprimir Boleto&quot;&gt;...&lt;/div&gt;&#10;  (Session info: chrome=104.0.5112.102)&#10;Build info: version: &apos;4.1.1&apos;, revision: &apos;e8fcc2cecf&apos;&#10;System info: host: &apos;DESKTOP-Q4CVPEU&apos;, ip: &apos;169.254.193.202&apos;, os.name: &apos;Windows 10&apos;, os.arch: &apos;amd64&apos;, os.version: &apos;10.0&apos;, java.version: &apos;1.8.0_321&apos;&#10;Driver info: org.openqa.selenium.chrome.ChromeDriver&#10;Command: [5838b605de7f3446b425f337c7e4be57, clickElement {id=196dfe95-0cfc-4243-b2d5-1e0986c7ffe0}]&#10;Capabilities {acceptInsecureCerts: false, browserName: chrome, browserVersion: 104.0.5112.102, chrome: {chromedriverVersion: 103.0.5060.53 (a1711811edd7..., userDataDir: C:\Windows\TEMP\scoped_dir1...}, goog:chromeOptions: {debuggerAddress: localhost:49748}, javascriptEnabled: true, networkConnectionEnabled: false, pageLoadStrategy: normal, platform: WINDOWS, platformName: WINDOWS, proxy: Proxy(), se:cdp: ws://localhost:49748/devtoo..., se:cdpVersion: 104.0.5112.102, setWindowRect: true, strictFileInteractability: false, timeouts: {implicit: 0, pageLoad: 300000, script: 30000}, unhandledPromptBehavior: dismiss and notify, webauthn:extension:credBlob: true, webauthn:extension:largeBlob: true, webauthn:virtualAuthenticators: true}&#10;Element: [[ChromeDriver: chrome on WINDOWS (5838b605de7f3446b425f337c7e4be57)] -&gt; xpath: //*[text()=&apos;Localizar&apos;]]&#10;Session ID: 5838b605de7f3446b425f337c7e4be57" type="org.openqa.selenium.ElementClickInterceptedException"><![CDATA[org.openqa.selenium.ElementClickInterceptedException: 
element click intercepted: Element <span class="x-btn-inner">...</span> is not clickable at point (807, 222). Other element would receive the click: <div id="XIDEE9B4C4F" class="x-btn x-borderbox x-btn-small x-btn-small-icon-left x-flex-item x-flex-item-hbox x-btn-center x-btn-noface x-border" title="Imprimir Boleto">...</div>
  (Session info: chrome=104.0.5112.102)
Build info: version: '4.1.1', revision: 'e8fcc2cecf'
System info: host: 'DESKTOP-Q4CVPEU', ip: '169.254.193.202', os.name: 'Windows 10', os.arch: 'amd64', os.version: '10.0', java.version: '1.8.0_321'
Driver info: org.openqa.selenium.chrome.ChromeDriver
Command: [5838b605de7f3446b425f337c7e4be57, clickElement {id=196dfe95-0cfc-4243-b2d5-1e0986c7ffe0}]
Capabilities {acceptInsecureCerts: false, browserName: chrome, browserVersion: 104.0.5112.102, chrome: {chromedriverVersion: 103.0.5060.53 (a1711811edd7..., userDataDir: C:\Windows\TEMP\scoped_dir1...}, goog:chromeOptions: {debuggerAddress: localhost:49748}, javascriptEnabled: true, networkConnectionEnabled: false, pageLoadStrategy: normal, platform: WINDOWS, platformName: WINDOWS, proxy: Proxy(), se:cdp: ws://localhost:49748/devtoo..., se:cdpVersion: 104.0.5112.102, setWindowRect: true, strictFileInteractability: false, timeouts: {implicit: 0, pageLoad: 300000, script: 30000}, unhandledPromptBehavior: dismiss and notify, webauthn:extension:credBlob: true, webauthn:extension:largeBlob: true, webauthn:virtualAuthenticators: true}
Element: [[ChromeDriver: chrome on WINDOWS (5838b605de7f3446b425f337c7e4be57)] -> xpath: //*[text()='Localizar']]
Session ID: 5838b605de7f3446b425f337c7e4be57
	at Financeiro.PosicaoFinanceira.PosicaoFinanceira.T080_ImprimirBoleto(PosicaoFinanceira.java:183)
]]></error>
    <system-err><![CDATA[Starting ChromeDriver 103.0.5060.53 (a1711811edd74ff1cf2150f36ffa3b0dae40b17f-refs/branch-heads/5060@{#853}) on port 64668Only local connections are allowed.Please see https://chromedriver.chromium.org/security-considerations for suggestions on keeping ChromeDriver safe.ChromeDriver was started successfully.[1661538498.593][WARNING]: This version of ChromeDriver has not been tested with Chrome version 104.ago 26, 2022 3:28:18 PM org.openqa.selenium.remote.ProtocolHandshake createSession
INFORMAÇÕES: Detected dialect: W3C
ago 26, 2022 3:28:18 PM org.openqa.selenium.devtools.CdpVersionFinder findNearestMatch
ADVERTÊNCIA: Unable to find an exact match for CDP version 104, so returning the closest version found: a no-op implementation
ago 26, 2022 3:28:18 PM org.openqa.selenium.devtools.CdpVersionFinder findNearestMatch
INFORMAÇÕES: Unable to find CDP implementation matching 104.
ago 26, 2022 3:28:18 PM org.openqa.selenium.chromium.ChromiumDriver lambda$new$3
ADVERTÊNCIA: Unable to find version of CDP to use for . You may need to include a dependency on a specific version of the CDP using something similar to `org.seleniumhq.selenium:selenium-devtools-v86:4.1.1` where the version ("v86") matches the version of the chromium-based browser you're using and the version number of the artifact is the same as Selenium's.
]]></system-err>
  </testcase>
  <testcase name="T090_BoletoPorEmail" classname="Financeiro.PosicaoFinanceira.PosicaoFinanceira" time="26.559">
    <error message="element click intercepted: Element &lt;span class=&quot;x-btn-inner&quot;&gt;...&lt;/span&gt; is not clickable at point (807, 222). Other element would receive the click: &lt;div id=&quot;XIDEE9B4C4F&quot; class=&quot;x-btn x-borderbox x-btn-small x-btn-small-icon-left x-flex-item x-flex-item-hbox x-btn-center x-btn-noface x-border&quot; title=&quot;Imprimir Boleto&quot;&gt;...&lt;/div&gt;&#10;  (Session info: chrome=104.0.5112.102)&#10;Build info: version: &apos;4.1.1&apos;, revision: &apos;e8fcc2cecf&apos;&#10;System info: host: &apos;DESKTOP-Q4CVPEU&apos;, ip: &apos;169.254.193.202&apos;, os.name: &apos;Windows 10&apos;, os.arch: &apos;amd64&apos;, os.version: &apos;10.0&apos;, java.version: &apos;1.8.0_321&apos;&#10;Driver info: org.openqa.selenium.chrome.ChromeDriver&#10;Command: [15424a786852f7efff95827f86557de7, clickElement {id=3eb1acc5-7e17-441a-81d5-8bdf720d6195}]&#10;Capabilities {acceptInsecureCerts: false, browserName: chrome, browserVersion: 104.0.5112.102, chrome: {chromedriverVersion: 103.0.5060.53 (a1711811edd7..., userDataDir: C:\Windows\TEMP\scoped_dir1...}, goog:chromeOptions: {debuggerAddress: localhost:49771}, javascriptEnabled: true, networkConnectionEnabled: false, pageLoadStrategy: normal, platform: WINDOWS, platformName: WINDOWS, proxy: Proxy(), se:cdp: ws://localhost:49771/devtoo..., se:cdpVersion: 104.0.5112.102, setWindowRect: true, strictFileInteractability: false, timeouts: {implicit: 0, pageLoad: 300000, script: 30000}, unhandledPromptBehavior: dismiss and notify, webauthn:extension:credBlob: true, webauthn:extension:largeBlob: true, webauthn:virtualAuthenticators: true}&#10;Element: [[ChromeDriver: chrome on WINDOWS (15424a786852f7efff95827f86557de7)] -&gt; xpath: //*[text()=&apos;Localizar&apos;]]&#10;Session ID: 15424a786852f7efff95827f86557de7" type="org.openqa.selenium.ElementClickInterceptedException"><![CDATA[org.openqa.selenium.ElementClickInterceptedException: 
element click intercepted: Element <span class="x-btn-inner">...</span> is not clickable at point (807, 222). Other element would receive the click: <div id="XIDEE9B4C4F" class="x-btn x-borderbox x-btn-small x-btn-small-icon-left x-flex-item x-flex-item-hbox x-btn-center x-btn-noface x-border" title="Imprimir Boleto">...</div>
  (Session info: chrome=104.0.5112.102)
Build info: version: '4.1.1', revision: 'e8fcc2cecf'
System info: host: 'DESKTOP-Q4CVPEU', ip: '169.254.193.202', os.name: 'Windows 10', os.arch: 'amd64', os.version: '10.0', java.version: '1.8.0_321'
Driver info: org.openqa.selenium.chrome.ChromeDriver
Command: [15424a786852f7efff95827f86557de7, clickElement {id=3eb1acc5-7e17-441a-81d5-8bdf720d6195}]
Capabilities {acceptInsecureCerts: false, browserName: chrome, browserVersion: 104.0.5112.102, chrome: {chromedriverVersion: 103.0.5060.53 (a1711811edd7..., userDataDir: C:\Windows\TEMP\scoped_dir1...}, goog:chromeOptions: {debuggerAddress: localhost:49771}, javascriptEnabled: true, networkConnectionEnabled: false, pageLoadStrategy: normal, platform: WINDOWS, platformName: WINDOWS, proxy: Proxy(), se:cdp: ws://localhost:49771/devtoo..., se:cdpVersion: 104.0.5112.102, setWindowRect: true, strictFileInteractability: false, timeouts: {implicit: 0, pageLoad: 300000, script: 30000}, unhandledPromptBehavior: dismiss and notify, webauthn:extension:credBlob: true, webauthn:extension:largeBlob: true, webauthn:virtualAuthenticators: true}
Element: [[ChromeDriver: chrome on WINDOWS (15424a786852f7efff95827f86557de7)] -> xpath: //*[text()='Localizar']]
Session ID: 15424a786852f7efff95827f86557de7
	at Financeiro.PosicaoFinanceira.PosicaoFinanceira.T090_BoletoPorEmail(PosicaoFinanceira.java:199)
]]></error>
    <system-err><![CDATA[Starting ChromeDriver 103.0.5060.53 (a1711811edd74ff1cf2150f36ffa3b0dae40b17f-refs/branch-heads/5060@{#853}) on port 49254Only local connections are allowed.Please see https://chromedriver.chromium.org/security-considerations for suggestions on keeping ChromeDriver safe.ChromeDriver was started successfully.[1661538501.737][WARNING]: This version of ChromeDriver has not been tested with Chrome version 104.ago 26, 2022 3:28:22 PM org.openqa.selenium.remote.ProtocolHandshake createSession
INFORMAÇÕES: Detected dialect: W3C
ago 26, 2022 3:28:22 PM org.openqa.selenium.devtools.CdpVersionFinder findNearestMatch
ADVERTÊNCIA: Unable to find an exact match for CDP version 104, so returning the closest version found: a no-op implementation
ago 26, 2022 3:28:22 PM org.openqa.selenium.devtools.CdpVersionFinder findNearestMatch
INFORMAÇÕES: Unable to find CDP implementation matching 104.
ago 26, 2022 3:28:22 PM org.openqa.selenium.chromium.ChromiumDriver lambda$new$3
ADVERTÊNCIA: Unable to find version of CDP to use for . You may need to include a dependency on a specific version of the CDP using something similar to `org.seleniumhq.selenium:selenium-devtools-v86:4.1.1` where the version ("v86") matches the version of the chromium-based browser you're using and the version number of the artifact is the same as Selenium's.
]]></system-err>
  </testcase>
  <testcase name="T100_EmissaoRelatorios" classname="Financeiro.PosicaoFinanceira.PosicaoFinanceira" time="23.144">
    <error message="element click intercepted: Element &lt;span class=&quot;x-btn-inner&quot;&gt;...&lt;/span&gt; is not clickable at point (807, 222). Other element would receive the click: &lt;div id=&quot;XIDEE9B4C4F&quot; class=&quot;x-btn x-borderbox x-btn-small x-btn-small-icon-left x-flex-item x-flex-item-hbox x-btn-center x-btn-noface x-border&quot; title=&quot;Imprimir Boleto&quot;&gt;...&lt;/div&gt;&#10;  (Session info: chrome=104.0.5112.102)&#10;Build info: version: &apos;4.1.1&apos;, revision: &apos;e8fcc2cecf&apos;&#10;System info: host: &apos;DESKTOP-Q4CVPEU&apos;, ip: &apos;169.254.193.202&apos;, os.name: &apos;Windows 10&apos;, os.arch: &apos;amd64&apos;, os.version: &apos;10.0&apos;, java.version: &apos;1.8.0_321&apos;&#10;Driver info: org.openqa.selenium.chrome.ChromeDriver&#10;Command: [3ddbaa946c4e34b43cb03ed60436626c, clickElement {id=4b233607-e0a5-44c3-8710-530c0651b1e2}]&#10;Capabilities {acceptInsecureCerts: false, browserName: chrome, browserVersion: 104.0.5112.102, chrome: {chromedriverVersion: 103.0.5060.53 (a1711811edd7..., userDataDir: C:\Windows\TEMP\scoped_dir9...}, goog:chromeOptions: {debuggerAddress: localhost:49806}, javascriptEnabled: true, networkConnectionEnabled: false, pageLoadStrategy: normal, platform: WINDOWS, platformName: WINDOWS, proxy: Proxy(), se:cdp: ws://localhost:49806/devtoo..., se:cdpVersion: 104.0.5112.102, setWindowRect: true, strictFileInteractability: false, timeouts: {implicit: 0, pageLoad: 300000, script: 30000}, unhandledPromptBehavior: dismiss and notify, webauthn:extension:credBlob: true, webauthn:extension:largeBlob: true, webauthn:virtualAuthenticators: true}&#10;Element: [[ChromeDriver: chrome on WINDOWS (3ddbaa946c4e34b43cb03ed60436626c)] -&gt; xpath: //*[text()=&apos;Localizar&apos;]]&#10;Session ID: 3ddbaa946c4e34b43cb03ed60436626c" type="org.openqa.selenium.ElementClickInterceptedException"><![CDATA[org.openqa.selenium.ElementClickInterceptedException: 
element click intercepted: Element <span class="x-btn-inner">...</span> is not clickable at point (807, 222). Other element would receive the click: <div id="XIDEE9B4C4F" class="x-btn x-borderbox x-btn-small x-btn-small-icon-left x-flex-item x-flex-item-hbox x-btn-center x-btn-noface x-border" title="Imprimir Boleto">...</div>
  (Session info: chrome=104.0.5112.102)
Build info: version: '4.1.1', revision: 'e8fcc2cecf'
System info: host: 'DESKTOP-Q4CVPEU', ip: '169.254.193.202', os.name: 'Windows 10', os.arch: 'amd64', os.version: '10.0', java.version: '1.8.0_321'
Driver info: org.openqa.selenium.chrome.ChromeDriver
Command: [3ddbaa946c4e34b43cb03ed60436626c, clickElement {id=4b233607-e0a5-44c3-8710-530c0651b1e2}]
Capabilities {acceptInsecureCerts: false, browserName: chrome, browserVersion: 104.0.5112.102, chrome: {chromedriverVersion: 103.0.5060.53 (a1711811edd7..., userDataDir: C:\Windows\TEMP\scoped_dir9...}, goog:chromeOptions: {debuggerAddress: localhost:49806}, javascriptEnabled: true, networkConnectionEnabled: false, pageLoadStrategy: normal, platform: WINDOWS, platformName: WINDOWS, proxy: Proxy(), se:cdp: ws://localhost:49806/devtoo..., se:cdpVersion: 104.0.5112.102, setWindowRect: true, strictFileInteractability: false, timeouts: {implicit: 0, pageLoad: 300000, script: 30000}, unhandledPromptBehavior: dismiss and notify, webauthn:extension:credBlob: true, webauthn:extension:largeBlob: true, webauthn:virtualAuthenticators: true}
Element: [[ChromeDriver: chrome on WINDOWS (3ddbaa946c4e34b43cb03ed60436626c)] -> xpath: //*[text()='Localizar']]
Session ID: 3ddbaa946c4e34b43cb03ed60436626c
	at Financeiro.PosicaoFinanceira.PosicaoFinanceira.T100_EmissaoRelatorios(PosicaoFinanceira.java:216)
]]></error>
    <system-err><![CDATA[Starting ChromeDriver 103.0.5060.53 (a1711811edd74ff1cf2150f36ffa3b0dae40b17f-refs/branch-heads/5060@{#853}) on port 58464Only local connections are allowed.Please see https://chromedriver.chromium.org/security-considerations for suggestions on keeping ChromeDriver safe.ChromeDriver was started successfully.[1661538523.488][WARNING]: This version of ChromeDriver has not been tested with Chrome version 104.ago 26, 2022 3:28:43 PM org.openqa.selenium.remote.ProtocolHandshake createSession
INFORMAÇÕES: Detected dialect: W3C
ago 26, 2022 3:28:43 PM org.openqa.selenium.devtools.CdpVersionFinder findNearestMatch
ADVERTÊNCIA: Unable to find an exact match for CDP version 104, so returning the closest version found: a no-op implementation
ago 26, 2022 3:28:43 PM org.openqa.selenium.devtools.CdpVersionFinder findNearestMatch
INFORMAÇÕES: Unable to find CDP implementation matching 104.
ago 26, 2022 3:28:43 PM org.openqa.selenium.chromium.ChromiumDriver lambda$new$3
ADVERTÊNCIA: Unable to find version of CDP to use for . You may need to include a dependency on a specific version of the CDP using something similar to `org.seleniumhq.selenium:selenium-devtools-v86:4.1.1` where the version ("v86") matches the version of the chromium-based browser you're using and the version number of the artifact is the same as Selenium's.
]]></system-err>
  </testcase>
</testsuite>